
setting SOURCE_DATE_EPOCH=1638489600
Executing(%prep): /bin/sh -e /var/tmp/rpm-tmp.1WC7fL
+ umask 022
+ cd /home/sandipan/Desktop/fedora/sqlmap-fedora-rpm
+ cd /home/sandipan/Desktop/fedora/sqlmap-fedora-rpm
+ rm -rf sqlmap-1.5
+ /usr/bin/gzip -dc /home/sandipan/Desktop/fedora/sqlmap-fedora-rpm/1.5.tar.gz
+ /usr/bin/tar -xof -
+ STATUS=0
+ '[' 0 -ne 0 ']'
+ cd sqlmap-1.5
+ /usr/bin/chmod -Rf a+rX,u+w,g-w,o-w .
+ RPM_EC=0
++ jobs -p
+ exit 0
Executing(%install): /bin/sh -e /var/tmp/rpm-tmp.VUPBA2
+ umask 022
+ cd /home/sandipan/Desktop/fedora/sqlmap-fedora-rpm
+ '[' /home/sandipan/rpmbuild/BUILDROOT/sqlmap-1.5-1.fc35.x86_64 '!=' / ']'
+ rm -rf /home/sandipan/rpmbuild/BUILDROOT/sqlmap-1.5-1.fc35.x86_64
++ dirname /home/sandipan/rpmbuild/BUILDROOT/sqlmap-1.5-1.fc35.x86_64
+ mkdir -p /home/sandipan/rpmbuild/BUILDROOT
+ mkdir /home/sandipan/rpmbuild/BUILDROOT/sqlmap-1.5-1.fc35.x86_64
+ cd sqlmap-1.5
+ install -d -m 755 /home/sandipan/rpmbuild/BUILDROOT/sqlmap-1.5-1.fc35.x86_64/usr/share/sqlmap
+ install -m 755 sqlmap.py /home/sandipan/rpmbuild/BUILDROOT/sqlmap-1.5-1.fc35.x86_64/usr/share/sqlmap
+ cp -pr extra /home/sandipan/rpmbuild/BUILDROOT/sqlmap-1.5-1.fc35.x86_64/usr/share/sqlmap
+ cp -pr lib /home/sandipan/rpmbuild/BUILDROOT/sqlmap-1.5-1.fc35.x86_64/usr/share/sqlmap
+ cp -pr plugins /home/sandipan/rpmbuild/BUILDROOT/sqlmap-1.5-1.fc35.x86_64/usr/share/sqlmap
+ cp -pr data /home/sandipan/rpmbuild/BUILDROOT/sqlmap-1.5-1.fc35.x86_64/usr/share/sqlmap
+ cp -pr thirdparty /home/sandipan/rpmbuild/BUILDROOT/sqlmap-1.5-1.fc35.x86_64/usr/share/sqlmap
+ cp -pr tamper /home/sandipan/rpmbuild/BUILDROOT/sqlmap-1.5-1.fc35.x86_64/usr/share/sqlmap
+ install -d -m 755 /home/sandipan/rpmbuild/BUILDROOT/sqlmap-1.5-1.fc35.x86_64/usr/bin
+ cat
+ chmod +x /home/sandipan/rpmbuild/BUILDROOT/sqlmap-1.5-1.fc35.x86_64/usr/bin/sqlmap
+ sed -i 's|/usr/bin/env python$|/usr/bin/python3|' /home/sandipan/rpmbuild/BUILDROOT/sqlmap-1.5-1.fc35.x86_64/usr/share/sqlmap/sqlmap.py /home/sandipan/rpmbuild/BUILDROOT/sqlmap-1.5-1.fc35.x86_64/usr/share/sqlmap/extra/beep/__init__.py /home/sandipan/rpmbuild/BUILDROOT/sqlmap-1.5-1.fc35.x86_64/usr/share/sqlmap/extra/beep/beep.py /home/sandipan/rpmbuild/BUILDROOT/sqlmap-1.5-1.fc35.x86_64/usr/share/sqlmap/extra/cloak/__init__.py /home/sandipan/rpmbuild/BUILDROOT/sqlmap-1.5-1.fc35.x86_64/usr/share/sqlmap/extra/cloak/cloak.py /home/sandipan/rpmbuild/BUILDROOT/sqlmap-1.5-1.fc35.x86_64/usr/share/sqlmap/extra/dbgtool/__init__.py /home/sandipan/rpmbuild/BUILDROOT/sqlmap-1.5-1.fc35.x86_64/usr/share/sqlmap/extra/dbgtool/dbgtool.py /home/sandipan/rpmbuild/BUILDROOT/sqlmap-1.5-1.fc35.x86_64/usr/share/sqlmap/extra/icmpsh/__init__.py /home/sandipan/rpmbuild/BUILDROOT/sqlmap-1.5-1.fc35.x86_64/usr/share/sqlmap/extra/icmpsh/icmpsh_m.py /home/sandipan/rpmbuild/BUILDROOT/sqlmap-1.5-1.fc35.x86_64/usr/share/sqlmap/extra/shutils/duplicates.py /home/sandipan/rpmbuild/BUILDROOT/sqlmap-1.5-1.fc35.x86_64/usr/share/sqlmap/extra/shutils/newlines.py /home/sandipan/rpmbuild/BUILDROOT/sqlmap-1.5-1.fc35.x86_64/usr/share/sqlmap/extra/vulnserver/__init__.py /home/sandipan/rpmbuild/BUILDROOT/sqlmap-1.5-1.fc35.x86_64/usr/share/sqlmap/extra/vulnserver/vulnserver.py /home/sandipan/rpmbuild/BUILDROOT/sqlmap-1.5-1.fc35.x86_64/usr/share/sqlmap/lib/controller/__init__.py /home/sandipan/rpmbuild/BUILDROOT/sqlmap-1.5-1.fc35.x86_64/usr/share/sqlmap/lib/controller/action.py /home/sandipan/rpmbuild/BUILDROOT/sqlmap-1.5-1.fc35.x86_64/usr/share/sqlmap/lib/controller/checks.py /home/sandipan/rpmbuild/BUILDROOT/sqlmap-1.5-1.fc35.x86_64/usr/share/sqlmap/lib/controller/controller.py /home/sandipan/rpmbuild/BUILDROOT/sqlmap-1.5-1.fc35.x86_64/usr/share/sqlmap/lib/controller/handler.py /home/sandipan/rpmbuild/BUILDROOT/sqlmap-1.5-1.fc35.x86_64/usr/share/sqlmap/lib/core/__init__.py /home/sandipan/rpmbuild/BUILDROOT/sqlmap-1.5-1.fc35.x86_64/usr/share/sqlmap/lib/core/agent.py /home/sandipan/rpmbuild/BUILDROOT/sqlmap-1.5-1.fc35.x86_64/usr/share/sqlmap/lib/core/bigarray.py /home/sandipan/rpmbuild/BUILDROOT/sqlmap-1.5-1.fc35.x86_64/usr/share/sqlmap/lib/core/common.py /home/sandipan/rpmbuild/BUILDROOT/sqlmap-1.5-1.fc35.x86_64/usr/share/sqlmap/lib/core/compat.py /home/sandipan/rpmbuild/BUILDROOT/sqlmap-1.5-1.fc35.x86_64/usr/share/sqlmap/lib/core/convert.py /home/sandipan/rpmbuild/BUILDROOT/sqlmap-1.5-1.fc35.x86_64/usr/share/sqlmap/lib/core/data.py /home/sandipan/rpmbuild/BUILDROOT/sqlmap-1.5-1.fc35.x86_64/usr/share/sqlmap/lib/core/datatype.py /home/sandipan/rpmbuild/BUILDROOT/sqlmap-1.5-1.fc35.x86_64/usr/share/sqlmap/lib/core/decorators.py /home/sandipan/rpmbuild/BUILDROOT/sqlmap-1.5-1.fc35.x86_64/usr/share/sqlmap/lib/core/defaults.py /home/sandipan/rpmbuild/BUILDROOT/sqlmap-1.5-1.fc35.x86_64/usr/share/sqlmap/lib/core/dicts.py /home/sandipan/rpmbuild/BUILDROOT/sqlmap-1.5-1.fc35.x86_64/usr/share/sqlmap/lib/core/dump.py /home/sandipan/rpmbuild/BUILDROOT/sqlmap-1.5-1.fc35.x86_64/usr/share/sqlmap/lib/core/enums.py /home/sandipan/rpmbuild/BUILDROOT/sqlmap-1.5-1.fc35.x86_64/usr/share/sqlmap/lib/core/exception.py /home/sandipan/rpmbuild/BUILDROOT/sqlmap-1.5-1.fc35.x86_64/usr/share/sqlmap/lib/core/gui.py /home/sandipan/rpmbuild/BUILDROOT/sqlmap-1.5-1.fc35.x86_64/usr/share/sqlmap/lib/core/log.py /home/sandipan/rpmbuild/BUILDROOT/sqlmap-1.5-1.fc35.x86_64/usr/share/sqlmap/lib/core/option.py /home/sandipan/rpmbuild/BUILDROOT/sqlmap-1.5-1.fc35.x86_64/usr/share/sqlmap/lib/core/optiondict.py /home/sandipan/rpmbuild/BUILDROOT/sqlmap-1.5-1.fc35.x86_64/usr/share/sqlmap/lib/core/patch.py /home/sandipan/rpmbuild/BUILDROOT/sqlmap-1.5-1.fc35.x86_64/usr/share/sqlmap/lib/core/profiling.py /home/sandipan/rpmbuild/BUILDROOT/sqlmap-1.5-1.fc35.x86_64/usr/share/sqlmap/lib/core/readlineng.py /home/sandipan/rpmbuild/BUILDROOT/sqlmap-1.5-1.fc35.x86_64/usr/share/sqlmap/lib/core/replication.py /home/sandipan/rpmbuild/BUILDROOT/sqlmap-1.5-1.fc35.x86_64/usr/share/sqlmap/lib/core/revision.py /home/sandipan/rpmbuild/BUILDROOT/sqlmap-1.5-1.fc35.x86_64/usr/share/sqlmap/lib/core/session.py /home/sandipan/rpmbuild/BUILDROOT/sqlmap-1.5-1.fc35.x86_64/usr/share/sqlmap/lib/core/settings.py /home/sandipan/rpmbuild/BUILDROOT/sqlmap-1.5-1.fc35.x86_64/usr/share/sqlmap/lib/core/shell.py /home/sandipan/rpmbuild/BUILDROOT/sqlmap-1.5-1.fc35.x86_64/usr/share/sqlmap/lib/core/subprocessng.py /home/sandipan/rpmbuild/BUILDROOT/sqlmap-1.5-1.fc35.x86_64/usr/share/sqlmap/lib/core/target.py /home/sandipan/rpmbuild/BUILDROOT/sqlmap-1.5-1.fc35.x86_64/usr/share/sqlmap/lib/core/testing.py /home/sandipan/rpmbuild/BUILDROOT/sqlmap-1.5-1.fc35.x86_64/usr/share/sqlmap/lib/core/threads.py /home/sandipan/rpmbuild/BUILDROOT/sqlmap-1.5-1.fc35.x86_64/usr/share/sqlmap/lib/core/unescaper.py /home/sandipan/rpmbuild/BUILDROOT/sqlmap-1.5-1.fc35.x86_64/usr/share/sqlmap/lib/core/update.py /home/sandipan/rpmbuild/BUILDROOT/sqlmap-1.5-1.fc35.x86_64/usr/share/sqlmap/lib/core/wordlist.py /home/sandipan/rpmbuild/BUILDROOT/sqlmap-1.5-1.fc35.x86_64/usr/share/sqlmap/lib/parse/__init__.py /home/sandipan/rpmbuild/BUILDROOT/sqlmap-1.5-1.fc35.x86_64/usr/share/sqlmap/lib/parse/banner.py /home/sandipan/rpmbuild/BUILDROOT/sqlmap-1.5-1.fc35.x86_64/usr/share/sqlmap/lib/parse/cmdline.py /home/sandipan/rpmbuild/BUILDROOT/sqlmap-1.5-1.fc35.x86_64/usr/share/sqlmap/lib/parse/configfile.py /home/sandipan/rpmbuild/BUILDROOT/sqlmap-1.5-1.fc35.x86_64/usr/share/sqlmap/lib/parse/handler.py /home/sandipan/rpmbuild/BUILDROOT/sqlmap-1.5-1.fc35.x86_64/usr/share/sqlmap/lib/parse/headers.py /home/sandipan/rpmbuild/BUILDROOT/sqlmap-1.5-1.fc35.x86_64/usr/share/sqlmap/lib/parse/html.py /home/sandipan/rpmbuild/BUILDROOT/sqlmap-1.5-1.fc35.x86_64/usr/share/sqlmap/lib/parse/payloads.py /home/sandipan/rpmbuild/BUILDROOT/sqlmap-1.5-1.fc35.x86_64/usr/share/sqlmap/lib/parse/sitemap.py /home/sandipan/rpmbuild/BUILDROOT/sqlmap-1.5-1.fc35.x86_64/usr/share/sqlmap/lib/request/__init__.py /home/sandipan/rpmbuild/BUILDROOT/sqlmap-1.5-1.fc35.x86_64/usr/share/sqlmap/lib/request/basic.py /home/sandipan/rpmbuild/BUILDROOT/sqlmap-1.5-1.fc35.x86_64/usr/share/sqlmap/lib/request/basicauthhandler.py /home/sandipan/rpmbuild/BUILDROOT/sqlmap-1.5-1.fc35.x86_64/usr/share/sqlmap/lib/request/chunkedhandler.py /home/sandipan/rpmbuild/BUILDROOT/sqlmap-1.5-1.fc35.x86_64/usr/share/sqlmap/lib/request/comparison.py /home/sandipan/rpmbuild/BUILDROOT/sqlmap-1.5-1.fc35.x86_64/usr/share/sqlmap/lib/request/connect.py /home/sandipan/rpmbuild/BUILDROOT/sqlmap-1.5-1.fc35.x86_64/usr/share/sqlmap/lib/request/direct.py /home/sandipan/rpmbuild/BUILDROOT/sqlmap-1.5-1.fc35.x86_64/usr/share/sqlmap/lib/request/dns.py /home/sandipan/rpmbuild/BUILDROOT/sqlmap-1.5-1.fc35.x86_64/usr/share/sqlmap/lib/request/httpshandler.py /home/sandipan/rpmbuild/BUILDROOT/sqlmap-1.5-1.fc35.x86_64/usr/share/sqlmap/lib/request/inject.py /home/sandipan/rpmbuild/BUILDROOT/sqlmap-1.5-1.fc35.x86_64/usr/share/sqlmap/lib/request/methodrequest.py /home/sandipan/rpmbuild/BUILDROOT/sqlmap-1.5-1.fc35.x86_64/usr/share/sqlmap/lib/request/pkihandler.py /home/sandipan/rpmbuild/BUILDROOT/sqlmap-1.5-1.fc35.x86_64/usr/share/sqlmap/lib/request/rangehandler.py /home/sandipan/rpmbuild/BUILDROOT/sqlmap-1.5-1.fc35.x86_64/usr/share/sqlmap/lib/request/redirecthandler.py /home/sandipan/rpmbuild/BUILDROOT/sqlmap-1.5-1.fc35.x86_64/usr/share/sqlmap/lib/request/templates.py /home/sandipan/rpmbuild/BUILDROOT/sqlmap-1.5-1.fc35.x86_64/usr/share/sqlmap/lib/takeover/__init__.py /home/sandipan/rpmbuild/BUILDROOT/sqlmap-1.5-1.fc35.x86_64/usr/share/sqlmap/lib/takeover/abstraction.py /home/sandipan/rpmbuild/BUILDROOT/sqlmap-1.5-1.fc35.x86_64/usr/share/sqlmap/lib/takeover/icmpsh.py /home/sandipan/rpmbuild/BUILDROOT/sqlmap-1.5-1.fc35.x86_64/usr/share/sqlmap/lib/takeover/metasploit.py /home/sandipan/rpmbuild/BUILDROOT/sqlmap-1.5-1.fc35.x86_64/usr/share/sqlmap/lib/takeover/registry.py /home/sandipan/rpmbuild/BUILDROOT/sqlmap-1.5-1.fc35.x86_64/usr/share/sqlmap/lib/takeover/udf.py /home/sandipan/rpmbuild/BUILDROOT/sqlmap-1.5-1.fc35.x86_64/usr/share/sqlmap/lib/takeover/web.py /home/sandipan/rpmbuild/BUILDROOT/sqlmap-1.5-1.fc35.x86_64/usr/share/sqlmap/lib/takeover/xp_cmdshell.py /home/sandipan/rpmbuild/BUILDROOT/sqlmap-1.5-1.fc35.x86_64/usr/share/sqlmap/lib/techniques/__init__.py /home/sandipan/rpmbuild/BUILDROOT/sqlmap-1.5-1.fc35.x86_64/usr/share/sqlmap/lib/utils/__init__.py /home/sandipan/rpmbuild/BUILDROOT/sqlmap-1.5-1.fc35.x86_64/usr/share/sqlmap/lib/utils/api.py /home/sandipan/rpmbuild/BUILDROOT/sqlmap-1.5-1.fc35.x86_64/usr/share/sqlmap/lib/utils/brute.py /home/sandipan/rpmbuild/BUILDROOT/sqlmap-1.5-1.fc35.x86_64/usr/share/sqlmap/lib/utils/crawler.py /home/sandipan/rpmbuild/BUILDROOT/sqlmap-1.5-1.fc35.x86_64/usr/share/sqlmap/lib/utils/deps.py /home/sandipan/rpmbuild/BUILDROOT/sqlmap-1.5-1.fc35.x86_64/usr/share/sqlmap/lib/utils/getch.py /home/sandipan/rpmbuild/BUILDROOT/sqlmap-1.5-1.fc35.x86_64/usr/share/sqlmap/lib/utils/har.py /home/sandipan/rpmbuild/BUILDROOT/sqlmap-1.5-1.fc35.x86_64/usr/share/sqlmap/lib/utils/hash.py /home/sandipan/rpmbuild/BUILDROOT/sqlmap-1.5-1.fc35.x86_64/usr/share/sqlmap/lib/utils/hashdb.py /home/sandipan/rpmbuild/BUILDROOT/sqlmap-1.5-1.fc35.x86_64/usr/share/sqlmap/lib/utils/httpd.py /home/sandipan/rpmbuild/BUILDROOT/sqlmap-1.5-1.fc35.x86_64/usr/share/sqlmap/lib/utils/pivotdumptable.py /home/sandipan/rpmbuild/BUILDROOT/sqlmap-1.5-1.fc35.x86_64/usr/share/sqlmap/lib/utils/progress.py /home/sandipan/rpmbuild/BUILDROOT/sqlmap-1.5-1.fc35.x86_64/usr/share/sqlmap/lib/utils/purge.py /home/sandipan/rpmbuild/BUILDROOT/sqlmap-1.5-1.fc35.x86_64/usr/share/sqlmap/lib/utils/safe2bin.py /home/sandipan/rpmbuild/BUILDROOT/sqlmap-1.5-1.fc35.x86_64/usr/share/sqlmap/lib/utils/search.py /home/sandipan/rpmbuild/BUILDROOT/sqlmap-1.5-1.fc35.x86_64/usr/share/sqlmap/lib/utils/sgmllib.py /home/sandipan/rpmbuild/BUILDROOT/sqlmap-1.5-1.fc35.x86_64/usr/share/sqlmap/lib/utils/sqlalchemy.py /home/sandipan/rpmbuild/BUILDROOT/sqlmap-1.5-1.fc35.x86_64/usr/share/sqlmap/lib/utils/timeout.py /home/sandipan/rpmbuild/BUILDROOT/sqlmap-1.5-1.fc35.x86_64/usr/share/sqlmap/lib/utils/versioncheck.py /home/sandipan/rpmbuild/BUILDROOT/sqlmap-1.5-1.fc35.x86_64/usr/share/sqlmap/lib/utils/xrange.py /home/sandipan/rpmbuild/BUILDROOT/sqlmap-1.5-1.fc35.x86_64/usr/share/sqlmap/plugins/dbms/__init__.py /home/sandipan/rpmbuild/BUILDROOT/sqlmap-1.5-1.fc35.x86_64/usr/share/sqlmap/plugins/generic/__init__.py /home/sandipan/rpmbuild/BUILDROOT/sqlmap-1.5-1.fc35.x86_64/usr/share/sqlmap/plugins/generic/connector.py /home/sandipan/rpmbuild/BUILDROOT/sqlmap-1.5-1.fc35.x86_64/usr/share/sqlmap/plugins/generic/custom.py /home/sandipan/rpmbuild/BUILDROOT/sqlmap-1.5-1.fc35.x86_64/usr/share/sqlmap/plugins/generic/databases.py /home/sandipan/rpmbuild/BUILDROOT/sqlmap-1.5-1.fc35.x86_64/usr/share/sqlmap/plugins/generic/entries.py /home/sandipan/rpmbuild/BUILDROOT/sqlmap-1.5-1.fc35.x86_64/usr/share/sqlmap/plugins/generic/enumeration.py /home/sandipan/rpmbuild/BUILDROOT/sqlmap-1.5-1.fc35.x86_64/usr/share/sqlmap/plugins/generic/filesystem.py /home/sandipan/rpmbuild/BUILDROOT/sqlmap-1.5-1.fc35.x86_64/usr/share/sqlmap/plugins/generic/fingerprint.py /home/sandipan/rpmbuild/BUILDROOT/sqlmap-1.5-1.fc35.x86_64/usr/share/sqlmap/plugins/generic/misc.py /home/sandipan/rpmbuild/BUILDROOT/sqlmap-1.5-1.fc35.x86_64/usr/share/sqlmap/plugins/generic/search.py /home/sandipan/rpmbuild/BUILDROOT/sqlmap-1.5-1.fc35.x86_64/usr/share/sqlmap/plugins/generic/syntax.py /home/sandipan/rpmbuild/BUILDROOT/sqlmap-1.5-1.fc35.x86_64/usr/share/sqlmap/plugins/generic/takeover.py /home/sandipan/rpmbuild/BUILDROOT/sqlmap-1.5-1.fc35.x86_64/usr/share/sqlmap/plugins/generic/users.py /home/sandipan/rpmbuild/BUILDROOT/sqlmap-1.5-1.fc35.x86_64/usr/share/sqlmap/thirdparty/ansistrm/__init__.py /home/sandipan/rpmbuild/BUILDROOT/sqlmap-1.5-1.fc35.x86_64/usr/share/sqlmap/thirdparty/ansistrm/ansistrm.py /home/sandipan/rpmbuild/BUILDROOT/sqlmap-1.5-1.fc35.x86_64/usr/share/sqlmap/thirdparty/beautifulsoup/__init__.py /home/sandipan/rpmbuild/BUILDROOT/sqlmap-1.5-1.fc35.x86_64/usr/share/sqlmap/thirdparty/beautifulsoup/beautifulsoup.py /home/sandipan/rpmbuild/BUILDROOT/sqlmap-1.5-1.fc35.x86_64/usr/share/sqlmap/thirdparty/bottle/__init__.py /home/sandipan/rpmbuild/BUILDROOT/sqlmap-1.5-1.fc35.x86_64/usr/share/sqlmap/thirdparty/bottle/bottle.py /home/sandipan/rpmbuild/BUILDROOT/sqlmap-1.5-1.fc35.x86_64/usr/share/sqlmap/thirdparty/chardet/__init__.py /home/sandipan/rpmbuild/BUILDROOT/sqlmap-1.5-1.fc35.x86_64/usr/share/sqlmap/thirdparty/chardet/big5freq.py /home/sandipan/rpmbuild/BUILDROOT/sqlmap-1.5-1.fc35.x86_64/usr/share/sqlmap/thirdparty/chardet/big5prober.py /home/sandipan/rpmbuild/BUILDROOT/sqlmap-1.5-1.fc35.x86_64/usr/share/sqlmap/thirdparty/chardet/chardetect.py /home/sandipan/rpmbuild/BUILDROOT/sqlmap-1.5-1.fc35.x86_64/usr/share/sqlmap/thirdparty/chardet/chardistribution.py /home/sandipan/rpmbuild/BUILDROOT/sqlmap-1.5-1.fc35.x86_64/usr/share/sqlmap/thirdparty/chardet/charsetgroupprober.py /home/sandipan/rpmbuild/BUILDROOT/sqlmap-1.5-1.fc35.x86_64/usr/share/sqlmap/thirdparty/chardet/charsetprober.py /home/sandipan/rpmbuild/BUILDROOT/sqlmap-1.5-1.fc35.x86_64/usr/share/sqlmap/thirdparty/chardet/codingstatemachine.py /home/sandipan/rpmbuild/BUILDROOT/sqlmap-1.5-1.fc35.x86_64/usr/share/sqlmap/thirdparty/chardet/compat.py /home/sandipan/rpmbuild/BUILDROOT/sqlmap-1.5-1.fc35.x86_64/usr/share/sqlmap/thirdparty/chardet/constants.py /home/sandipan/rpmbuild/BUILDROOT/sqlmap-1.5-1.fc35.x86_64/usr/share/sqlmap/thirdparty/chardet/cp949prober.py /home/sandipan/rpmbuild/BUILDROOT/sqlmap-1.5-1.fc35.x86_64/usr/share/sqlmap/thirdparty/chardet/escprober.py /home/sandipan/rpmbuild/BUILDROOT/sqlmap-1.5-1.fc35.x86_64/usr/share/sqlmap/thirdparty/chardet/escsm.py /home/sandipan/rpmbuild/BUILDROOT/sqlmap-1.5-1.fc35.x86_64/usr/share/sqlmap/thirdparty/chardet/eucjpprober.py /home/sandipan/rpmbuild/BUILDROOT/sqlmap-1.5-1.fc35.x86_64/usr/share/sqlmap/thirdparty/chardet/euckrfreq.py /home/sandipan/rpmbuild/BUILDROOT/sqlmap-1.5-1.fc35.x86_64/usr/share/sqlmap/thirdparty/chardet/euckrprober.py /home/sandipan/rpmbuild/BUILDROOT/sqlmap-1.5-1.fc35.x86_64/usr/share/sqlmap/thirdparty/chardet/euctwfreq.py /home/sandipan/rpmbuild/BUILDROOT/sqlmap-1.5-1.fc35.x86_64/usr/share/sqlmap/thirdparty/chardet/euctwprober.py /home/sandipan/rpmbuild/BUILDROOT/sqlmap-1.5-1.fc35.x86_64/usr/share/sqlmap/thirdparty/chardet/gb2312freq.py /home/sandipan/rpmbuild/BUILDROOT/sqlmap-1.5-1.fc35.x86_64/usr/share/sqlmap/thirdparty/chardet/gb2312prober.py /home/sandipan/rpmbuild/BUILDROOT/sqlmap-1.5-1.fc35.x86_64/usr/share/sqlmap/thirdparty/chardet/hebrewprober.py /home/sandipan/rpmbuild/BUILDROOT/sqlmap-1.5-1.fc35.x86_64/usr/share/sqlmap/thirdparty/chardet/jisfreq.py /home/sandipan/rpmbuild/BUILDROOT/sqlmap-1.5-1.fc35.x86_64/usr/share/sqlmap/thirdparty/chardet/jpcntx.py /home/sandipan/rpmbuild/BUILDROOT/sqlmap-1.5-1.fc35.x86_64/usr/share/sqlmap/thirdparty/chardet/langbulgarianmodel.py /home/sandipan/rpmbuild/BUILDROOT/sqlmap-1.5-1.fc35.x86_64/usr/share/sqlmap/thirdparty/chardet/langcyrillicmodel.py /home/sandipan/rpmbuild/BUILDROOT/sqlmap-1.5-1.fc35.x86_64/usr/share/sqlmap/thirdparty/chardet/langgreekmodel.py /home/sandipan/rpmbuild/BUILDROOT/sqlmap-1.5-1.fc35.x86_64/usr/share/sqlmap/thirdparty/chardet/langhebrewmodel.py /home/sandipan/rpmbuild/BUILDROOT/sqlmap-1.5-1.fc35.x86_64/usr/share/sqlmap/thirdparty/chardet/langhungarianmodel.py /home/sandipan/rpmbuild/BUILDROOT/sqlmap-1.5-1.fc35.x86_64/usr/share/sqlmap/thirdparty/chardet/langthaimodel.py /home/sandipan/rpmbuild/BUILDROOT/sqlmap-1.5-1.fc35.x86_64/usr/share/sqlmap/thirdparty/chardet/latin1prober.py /home/sandipan/rpmbuild/BUILDROOT/sqlmap-1.5-1.fc35.x86_64/usr/share/sqlmap/thirdparty/chardet/mbcharsetprober.py /home/sandipan/rpmbuild/BUILDROOT/sqlmap-1.5-1.fc35.x86_64/usr/share/sqlmap/thirdparty/chardet/mbcsgroupprober.py /home/sandipan/rpmbuild/BUILDROOT/sqlmap-1.5-1.fc35.x86_64/usr/share/sqlmap/thirdparty/chardet/mbcssm.py /home/sandipan/rpmbuild/BUILDROOT/sqlmap-1.5-1.fc35.x86_64/usr/share/sqlmap/thirdparty/chardet/sbcharsetprober.py /home/sandipan/rpmbuild/BUILDROOT/sqlmap-1.5-1.fc35.x86_64/usr/share/sqlmap/thirdparty/chardet/sbcsgroupprober.py /home/sandipan/rpmbuild/BUILDROOT/sqlmap-1.5-1.fc35.x86_64/usr/share/sqlmap/thirdparty/chardet/sjisprober.py /home/sandipan/rpmbuild/BUILDROOT/sqlmap-1.5-1.fc35.x86_64/usr/share/sqlmap/thirdparty/chardet/universaldetector.py /home/sandipan/rpmbuild/BUILDROOT/sqlmap-1.5-1.fc35.x86_64/usr/share/sqlmap/thirdparty/chardet/utf8prober.py /home/sandipan/rpmbuild/BUILDROOT/sqlmap-1.5-1.fc35.x86_64/usr/share/sqlmap/thirdparty/clientform/__init__.py /home/sandipan/rpmbuild/BUILDROOT/sqlmap-1.5-1.fc35.x86_64/usr/share/sqlmap/thirdparty/clientform/clientform.py /home/sandipan/rpmbuild/BUILDROOT/sqlmap-1.5-1.fc35.x86_64/usr/share/sqlmap/thirdparty/colorama/__init__.py /home/sandipan/rpmbuild/BUILDROOT/sqlmap-1.5-1.fc35.x86_64/usr/share/sqlmap/thirdparty/colorama/ansi.py /home/sandipan/rpmbuild/BUILDROOT/sqlmap-1.5-1.fc35.x86_64/usr/share/sqlmap/thirdparty/colorama/ansitowin32.py /home/sandipan/rpmbuild/BUILDROOT/sqlmap-1.5-1.fc35.x86_64/usr/share/sqlmap/thirdparty/colorama/initialise.py /home/sandipan/rpmbuild/BUILDROOT/sqlmap-1.5-1.fc35.x86_64/usr/share/sqlmap/thirdparty/colorama/win32.py /home/sandipan/rpmbuild/BUILDROOT/sqlmap-1.5-1.fc35.x86_64/usr/share/sqlmap/thirdparty/colorama/winterm.py /home/sandipan/rpmbuild/BUILDROOT/sqlmap-1.5-1.fc35.x86_64/usr/share/sqlmap/thirdparty/fcrypt/__init__.py /home/sandipan/rpmbuild/BUILDROOT/sqlmap-1.5-1.fc35.x86_64/usr/share/sqlmap/thirdparty/fcrypt/fcrypt.py /home/sandipan/rpmbuild/BUILDROOT/sqlmap-1.5-1.fc35.x86_64/usr/share/sqlmap/thirdparty/gprof2dot/__init__.py /home/sandipan/rpmbuild/BUILDROOT/sqlmap-1.5-1.fc35.x86_64/usr/share/sqlmap/thirdparty/gprof2dot/gprof2dot.py /home/sandipan/rpmbuild/BUILDROOT/sqlmap-1.5-1.fc35.x86_64/usr/share/sqlmap/thirdparty/identywaf/__init__.py /home/sandipan/rpmbuild/BUILDROOT/sqlmap-1.5-1.fc35.x86_64/usr/share/sqlmap/thirdparty/identywaf/identYwaf.py /home/sandipan/rpmbuild/BUILDROOT/sqlmap-1.5-1.fc35.x86_64/usr/share/sqlmap/thirdparty/keepalive/__init__.py /home/sandipan/rpmbuild/BUILDROOT/sqlmap-1.5-1.fc35.x86_64/usr/share/sqlmap/thirdparty/keepalive/keepalive.py /home/sandipan/rpmbuild/BUILDROOT/sqlmap-1.5-1.fc35.x86_64/usr/share/sqlmap/thirdparty/magic/__init__.py /home/sandipan/rpmbuild/BUILDROOT/sqlmap-1.5-1.fc35.x86_64/usr/share/sqlmap/thirdparty/magic/magic.py /home/sandipan/rpmbuild/BUILDROOT/sqlmap-1.5-1.fc35.x86_64/usr/share/sqlmap/thirdparty/multipart/__init__.py /home/sandipan/rpmbuild/BUILDROOT/sqlmap-1.5-1.fc35.x86_64/usr/share/sqlmap/thirdparty/multipart/multipartpost.py /home/sandipan/rpmbuild/BUILDROOT/sqlmap-1.5-1.fc35.x86_64/usr/share/sqlmap/thirdparty/odict/__init__.py /home/sandipan/rpmbuild/BUILDROOT/sqlmap-1.5-1.fc35.x86_64/usr/share/sqlmap/thirdparty/odict/ordereddict.py /home/sandipan/rpmbuild/BUILDROOT/sqlmap-1.5-1.fc35.x86_64/usr/share/sqlmap/thirdparty/prettyprint/__init__.py /home/sandipan/rpmbuild/BUILDROOT/sqlmap-1.5-1.fc35.x86_64/usr/share/sqlmap/thirdparty/prettyprint/prettyprint.py /home/sandipan/rpmbuild/BUILDROOT/sqlmap-1.5-1.fc35.x86_64/usr/share/sqlmap/thirdparty/pydes/__init__.py /home/sandipan/rpmbuild/BUILDROOT/sqlmap-1.5-1.fc35.x86_64/usr/share/sqlmap/thirdparty/pydes/pyDes.py /home/sandipan/rpmbuild/BUILDROOT/sqlmap-1.5-1.fc35.x86_64/usr/share/sqlmap/thirdparty/six/__init__.py /home/sandipan/rpmbuild/BUILDROOT/sqlmap-1.5-1.fc35.x86_64/usr/share/sqlmap/thirdparty/socks/__init__.py /home/sandipan/rpmbuild/BUILDROOT/sqlmap-1.5-1.fc35.x86_64/usr/share/sqlmap/thirdparty/socks/socks.py /home/sandipan/rpmbuild/BUILDROOT/sqlmap-1.5-1.fc35.x86_64/usr/share/sqlmap/thirdparty/termcolor/__init__.py /home/sandipan/rpmbuild/BUILDROOT/sqlmap-1.5-1.fc35.x86_64/usr/share/sqlmap/thirdparty/termcolor/termcolor.py /home/sandipan/rpmbuild/BUILDROOT/sqlmap-1.5-1.fc35.x86_64/usr/share/sqlmap/thirdparty/wininetpton/__init__.py /home/sandipan/rpmbuild/BUILDROOT/sqlmap-1.5-1.fc35.x86_64/usr/share/sqlmap/thirdparty/wininetpton/win_inet_pton.py /home/sandipan/rpmbuild/BUILDROOT/sqlmap-1.5-1.fc35.x86_64/usr/share/sqlmap/thirdparty/xdot/__init__.py /home/sandipan/rpmbuild/BUILDROOT/sqlmap-1.5-1.fc35.x86_64/usr/share/sqlmap/thirdparty/xdot/xdot.py
+ install -d -m 755 /home/sandipan/rpmbuild/BUILDROOT/sqlmap-1.5-1.fc35.x86_64/etc
+ install -m 644 sqlmap.conf /home/sandipan/rpmbuild/BUILDROOT/sqlmap-1.5-1.fc35.x86_64/etc
+ pushd /home/sandipan/rpmbuild/BUILDROOT/sqlmap-1.5-1.fc35.x86_64/usr/share/sqlmap
~/rpmbuild/BUILDROOT/sqlmap-1.5-1.fc35.x86_64/usr/share/sqlmap ~/Desktop/fedora/sqlmap-fedora-rpm/sqlmap-1.5
+ ln -s ../../../etc/sqlmap.conf .
+ '[' '%{buildarch}' = noarch ']'
+ QA_CHECK_RPATHS=1
+ case "${QA_CHECK_RPATHS:-}" in
+ /usr/lib/rpm/check-rpaths
+ /usr/lib/rpm/check-buildroot
+ /usr/lib/rpm/redhat/brp-ldconfig
+ /usr/lib/rpm/brp-compress
+ /usr/lib/rpm/brp-strip /usr/bin/strip
+ /usr/lib/rpm/brp-strip-comment-note /usr/bin/strip /usr/bin/objdump
+ /usr/lib/rpm/redhat/brp-strip-lto /usr/bin/strip
+ /usr/lib/rpm/brp-strip-static-archive /usr/bin/strip
+ /usr/lib/rpm/check-rpaths
+ /usr/lib/rpm/redhat/brp-mangle-shebangs
*** WARNING: ./usr/share/sqlmap/extra/shutils/autocompletion.sh is executable but has no shebang, removing executable bit
mangling shebang in /usr/share/sqlmap/extra/shutils/blanks.sh from /bin/bash to #!/usr/bin/bash
mangling shebang in /usr/share/sqlmap/extra/shutils/drei.sh from /bin/bash to #!/usr/bin/bash
mangling shebang in /usr/share/sqlmap/extra/shutils/junk.sh from /bin/bash to #!/usr/bin/bash
mangling shebang in /usr/share/sqlmap/extra/shutils/modernize.sh from /bin/bash to #!/usr/bin/bash
mangling shebang in /usr/share/sqlmap/extra/shutils/postcommit-hook.sh from /bin/bash to #!/usr/bin/bash
mangling shebang in /usr/share/sqlmap/extra/shutils/precommit-hook.sh from /bin/bash to #!/usr/bin/bash
mangling shebang in /usr/share/sqlmap/extra/shutils/pycodestyle.sh from /bin/bash to #!/usr/bin/bash
mangling shebang in /usr/share/sqlmap/extra/shutils/pydiatra.sh from /bin/bash to #!/usr/bin/bash
mangling shebang in /usr/share/sqlmap/extra/shutils/pyflakes.sh from /bin/bash to #!/usr/bin/bash
mangling shebang in /usr/share/sqlmap/extra/shutils/pylint.sh from /bin/bash to #!/usr/bin/bash
mangling shebang in /usr/share/sqlmap/extra/shutils/pypi.sh from /bin/bash to #!/usr/bin/bash
mangling shebang in /usr/share/sqlmap/extra/shutils/recloak.sh from /bin/bash to #!/usr/bin/bash
mangling shebang in /usr/share/sqlmap/extra/shutils/strip.sh from /bin/bash to #!/usr/bin/bash
mangling shebang in /usr/bin/sqlmap from /bin/sh to #!/usr/bin/sh
+ /usr/lib/rpm/redhat/brp-python-bytecompile '' 1 0
+ /usr/lib/rpm/redhat/brp-python-hardlink
Processing files: sqlmap-1.5-1.fc35.noarch
Executing(%doc): /bin/sh -e /var/tmp/rpm-tmp.Ep38ST
+ umask 022
+ cd /home/sandipan/Desktop/fedora/sqlmap-fedora-rpm
+ cd sqlmap-1.5
+ DOCDIR=/home/sandipan/rpmbuild/BUILDROOT/sqlmap-1.5-1.fc35.x86_64/usr/share/doc/sqlmap
+ export LC_ALL=C
+ LC_ALL=C
+ export DOCDIR
+ /usr/bin/mkdir -p /home/sandipan/rpmbuild/BUILDROOT/sqlmap-1.5-1.fc35.x86_64/usr/share/doc/sqlmap
+ cp -pr doc/AUTHORS doc/CHANGELOG.md doc/THANKS.md doc/THIRD-PARTY.md doc/translations /home/sandipan/rpmbuild/BUILDROOT/sqlmap-1.5-1.fc35.x86_64/usr/share/doc/sqlmap
+ RPM_EC=0
++ jobs -p
+ exit 0
Executing(%license): /bin/sh -e /var/tmp/rpm-tmp.JNvqrF
+ umask 022
+ cd /home/sandipan/Desktop/fedora/sqlmap-fedora-rpm
+ cd sqlmap-1.5
+ LICENSEDIR=/home/sandipan/rpmbuild/BUILDROOT/sqlmap-1.5-1.fc35.x86_64/usr/share/licenses/sqlmap
+ export LC_ALL=C
+ LC_ALL=C
+ export LICENSEDIR
+ /usr/bin/mkdir -p /home/sandipan/rpmbuild/BUILDROOT/sqlmap-1.5-1.fc35.x86_64/usr/share/licenses/sqlmap
+ cp -pr LICENSE /home/sandipan/rpmbuild/BUILDROOT/sqlmap-1.5-1.fc35.x86_64/usr/share/licenses/sqlmap
+ RPM_EC=0
++ jobs -p
+ exit 0
Provides: config(sqlmap) = 1.5-1.fc35 sqlmap = 1.5-1.fc35
Requires(rpmlib): rpmlib(CompressedFileNames) <= 3.0.4-1 rpmlib(FileDigests) <= 4.6.0-1 rpmlib(PayloadFilesHavePrefix) <= 4.0-1
Requires: /usr/bin/bash /usr/bin/python3 /usr/bin/sh
Checking for unpackaged file(s): /usr/lib/rpm/check-files /home/sandipan/rpmbuild/BUILDROOT/sqlmap-1.5-1.fc35.x86_64
Wrote: /home/sandipan/Desktop/fedora/sqlmap-fedora-rpm/sqlmap-1.5-1.fc35.src.rpm
Wrote: /home/sandipan/Desktop/fedora/sqlmap-fedora-rpm/noarch/sqlmap-1.5-1.fc35.noarch.rpm
Executing(%clean): /bin/sh -e /var/tmp/rpm-tmp.GlH3uE
+ umask 022
+ cd /home/sandipan/Desktop/fedora/sqlmap-fedora-rpm
+ cd sqlmap-1.5
+ /usr/bin/rm -rf /home/sandipan/rpmbuild/BUILDROOT/sqlmap-1.5-1.fc35.x86_64
+ RPM_EC=0
++ jobs -p
+ exit 0
