Mock Version: 2.15
Mock Version: 2.15
Mock Version: 2.15
ENTER ['do_with_status'](['bash', '--login', '-c', '/usr/bin/rpmbuild -bs --target x86_64 --nodeps /builddir/build/SPECS/sqlmap.spec'], chrootPath='/var/lib/mock/fedora-rawhide-x86_64/root'env={'TERM': 'vt100', 'SHELL': '/bin/bash', 'HOME': '/builddir', 'HOSTNAME': 'mock', 'PATH': '/usr/bin:/bin:/usr/sbin:/sbin', 'PROMPT_COMMAND': 'printf "\\033]0;<mock-chroot>\\007"', 'PS1': '<mock-chroot> \\s-\\v\\$ ', 'LANG': 'C.UTF-8'}shell=Falselogger=<mockbuild.trace_decorator.getLog object at 0x7f6dd3afe950>timeout=0uid=1000gid=135user='mockbuild'nspawn_args=['--capability=cap_ipc_lock', '--bind=/tmp/mock-resolv.folw91dt:/etc/resolv.conf', '--bind=/dev/btrfs-control', '--bind=/dev/loop-control', '--bind=/dev/loop0', '--bind=/dev/loop1', '--bind=/dev/loop2', '--bind=/dev/loop3', '--bind=/dev/loop4', '--bind=/dev/loop5', '--bind=/dev/loop6', '--bind=/dev/loop7', '--bind=/dev/loop8', '--bind=/dev/loop9', '--bind=/dev/loop10', '--bind=/dev/loop11']unshare_net=TrueprintOutput=False)
Using nspawn with args ['--capability=cap_ipc_lock', '--bind=/tmp/mock-resolv.folw91dt:/etc/resolv.conf', '--bind=/dev/btrfs-control', '--bind=/dev/loop-control', '--bind=/dev/loop0', '--bind=/dev/loop1', '--bind=/dev/loop2', '--bind=/dev/loop3', '--bind=/dev/loop4', '--bind=/dev/loop5', '--bind=/dev/loop6', '--bind=/dev/loop7', '--bind=/dev/loop8', '--bind=/dev/loop9', '--bind=/dev/loop10', '--bind=/dev/loop11']
Executing command: ['/usr/bin/systemd-nspawn', '-q', '-M', '2cb1da18eb1b4103abf36099264bddd5', '-D', '/var/lib/mock/fedora-rawhide-x86_64/root', '-a', '-u', 'mockbuild', '--capability=cap_ipc_lock', '--bind=/tmp/mock-resolv.folw91dt:/etc/resolv.conf', '--bind=/dev/btrfs-control', '--bind=/dev/loop-control', '--bind=/dev/loop0', '--bind=/dev/loop1', '--bind=/dev/loop2', '--bind=/dev/loop3', '--bind=/dev/loop4', '--bind=/dev/loop5', '--bind=/dev/loop6', '--bind=/dev/loop7', '--bind=/dev/loop8', '--bind=/dev/loop9', '--bind=/dev/loop10', '--bind=/dev/loop11', '--console=pipe', '--setenv=TERM=vt100', '--setenv=SHELL=/bin/bash', '--setenv=HOME=/builddir', '--setenv=HOSTNAME=mock', '--setenv=PATH=/usr/bin:/bin:/usr/sbin:/sbin', '--setenv=PROMPT_COMMAND=printf "\\033]0;<mock-chroot>\\007"', '--setenv=PS1=<mock-chroot> \\s-\\v\\$ ', '--setenv=LANG=C.UTF-8', '--resolv-conf=off', 'bash', '--login', '-c', '/usr/bin/rpmbuild -bs --target x86_64 --nodeps /builddir/build/SPECS/sqlmap.spec'] with env {'TERM': 'vt100', 'SHELL': '/bin/bash', 'HOME': '/builddir', 'HOSTNAME': 'mock', 'PATH': '/usr/bin:/bin:/usr/sbin:/sbin', 'PROMPT_COMMAND': 'printf "\\033]0;<mock-chroot>\\007"', 'PS1': '<mock-chroot> \\s-\\v\\$ ', 'LANG': 'C.UTF-8', 'SYSTEMD_NSPAWN_TMPFS_TMP': '0'} and shell False
Building target platforms: x86_64
Building for target x86_64
setting SOURCE_DATE_EPOCH=1638489600
Wrote: /builddir/build/SRPMS/sqlmap-1.5.12-dev.src.rpm
Child return code was: 0
ENTER ['do_with_status'](['bash', '--login', '-c', '/usr/bin/rpmbuild -bb --target x86_64 --nodeps /builddir/build/SPECS/sqlmap.spec'], chrootPath='/var/lib/mock/fedora-rawhide-x86_64/root'env={'TERM': 'vt100', 'SHELL': '/bin/bash', 'HOME': '/builddir', 'HOSTNAME': 'mock', 'PATH': '/usr/bin:/bin:/usr/sbin:/sbin', 'PROMPT_COMMAND': 'printf "\\033]0;<mock-chroot>\\007"', 'PS1': '<mock-chroot> \\s-\\v\\$ ', 'LANG': 'C.UTF-8'}shell=Falselogger=<mockbuild.trace_decorator.getLog object at 0x7f6dd3afe950>timeout=0uid=1000gid=135user='mockbuild'nspawn_args=['--capability=cap_ipc_lock', '--bind=/tmp/mock-resolv.folw91dt:/etc/resolv.conf', '--bind=/dev/btrfs-control', '--bind=/dev/loop-control', '--bind=/dev/loop0', '--bind=/dev/loop1', '--bind=/dev/loop2', '--bind=/dev/loop3', '--bind=/dev/loop4', '--bind=/dev/loop5', '--bind=/dev/loop6', '--bind=/dev/loop7', '--bind=/dev/loop8', '--bind=/dev/loop9', '--bind=/dev/loop10', '--bind=/dev/loop11']unshare_net=TrueprintOutput=False)
Using nspawn with args ['--capability=cap_ipc_lock', '--bind=/tmp/mock-resolv.folw91dt:/etc/resolv.conf', '--bind=/dev/btrfs-control', '--bind=/dev/loop-control', '--bind=/dev/loop0', '--bind=/dev/loop1', '--bind=/dev/loop2', '--bind=/dev/loop3', '--bind=/dev/loop4', '--bind=/dev/loop5', '--bind=/dev/loop6', '--bind=/dev/loop7', '--bind=/dev/loop8', '--bind=/dev/loop9', '--bind=/dev/loop10', '--bind=/dev/loop11']
Executing command: ['/usr/bin/systemd-nspawn', '-q', '-M', '31df76245699417497899a8ccb372a8a', '-D', '/var/lib/mock/fedora-rawhide-x86_64/root', '-a', '-u', 'mockbuild', '--capability=cap_ipc_lock', '--bind=/tmp/mock-resolv.folw91dt:/etc/resolv.conf', '--bind=/dev/btrfs-control', '--bind=/dev/loop-control', '--bind=/dev/loop0', '--bind=/dev/loop1', '--bind=/dev/loop2', '--bind=/dev/loop3', '--bind=/dev/loop4', '--bind=/dev/loop5', '--bind=/dev/loop6', '--bind=/dev/loop7', '--bind=/dev/loop8', '--bind=/dev/loop9', '--bind=/dev/loop10', '--bind=/dev/loop11', '--console=pipe', '--setenv=TERM=vt100', '--setenv=SHELL=/bin/bash', '--setenv=HOME=/builddir', '--setenv=HOSTNAME=mock', '--setenv=PATH=/usr/bin:/bin:/usr/sbin:/sbin', '--setenv=PROMPT_COMMAND=printf "\\033]0;<mock-chroot>\\007"', '--setenv=PS1=<mock-chroot> \\s-\\v\\$ ', '--setenv=LANG=C.UTF-8', '--resolv-conf=off', 'bash', '--login', '-c', '/usr/bin/rpmbuild -bb --target x86_64 --nodeps /builddir/build/SPECS/sqlmap.spec'] with env {'TERM': 'vt100', 'SHELL': '/bin/bash', 'HOME': '/builddir', 'HOSTNAME': 'mock', 'PATH': '/usr/bin:/bin:/usr/sbin:/sbin', 'PROMPT_COMMAND': 'printf "\\033]0;<mock-chroot>\\007"', 'PS1': '<mock-chroot> \\s-\\v\\$ ', 'LANG': 'C.UTF-8', 'SYSTEMD_NSPAWN_TMPFS_TMP': '0'} and shell False
Building target platforms: x86_64
Building for target x86_64
setting SOURCE_DATE_EPOCH=1638489600
Executing(%prep): /bin/sh -e /var/tmp/rpm-tmp.Oa6dJ7
+ umask 022
+ cd /builddir/build/BUILD
+ cd /builddir/build/BUILD
+ rm -rf sqlmapproject-sqlmap-90b145e
+ /usr/bin/gzip -dc /builddir/build/SOURCES/sqlmapproject-sqlmap-1.5.12-0-g90b145e.tar.gz
+ /usr/bin/tar -xof -
+ STATUS=0
+ '[' 0 -ne 0 ']'
+ cd sqlmapproject-sqlmap-90b145e
+ /usr/bin/chmod -Rf a+rX,u+w,g-w,o-w .
+ RPM_EC=0
++ jobs -p
+ exit 0
Executing(%install): /bin/sh -e /var/tmp/rpm-tmp.VOHcYH
+ umask 022
+ cd /builddir/build/BUILD
+ '[' /builddir/build/BUILDROOT/sqlmap-1.5.12-dev.x86_64 '!=' / ']'
+ rm -rf /builddir/build/BUILDROOT/sqlmap-1.5.12-dev.x86_64
++ dirname /builddir/build/BUILDROOT/sqlmap-1.5.12-dev.x86_64
+ mkdir -p /builddir/build/BUILDROOT
+ mkdir /builddir/build/BUILDROOT/sqlmap-1.5.12-dev.x86_64
+ cd sqlmapproject-sqlmap-90b145e
+ install -d -m 755 /builddir/build/BUILDROOT/sqlmap-1.5.12-dev.x86_64/usr/share/sqlmap
+ install -m 755 sqlmap.py /builddir/build/BUILDROOT/sqlmap-1.5.12-dev.x86_64/usr/share/sqlmap
+ cp -pr extra /builddir/build/BUILDROOT/sqlmap-1.5.12-dev.x86_64/usr/share/sqlmap
+ cp -pr lib /builddir/build/BUILDROOT/sqlmap-1.5.12-dev.x86_64/usr/share/sqlmap
+ cp -pr plugins /builddir/build/BUILDROOT/sqlmap-1.5.12-dev.x86_64/usr/share/sqlmap
+ cp -pr data /builddir/build/BUILDROOT/sqlmap-1.5.12-dev.x86_64/usr/share/sqlmap
+ cp -pr thirdparty /builddir/build/BUILDROOT/sqlmap-1.5.12-dev.x86_64/usr/share/sqlmap
+ cp -pr tamper /builddir/build/BUILDROOT/sqlmap-1.5.12-dev.x86_64/usr/share/sqlmap
+ install -d -m 755 /builddir/build/BUILDROOT/sqlmap-1.5.12-dev.x86_64/usr/bin
+ cat
+ chmod +x /builddir/build/BUILDROOT/sqlmap-1.5.12-dev.x86_64/usr/bin/sqlmap
+ sed -i 's|/usr/bin/env python$|/usr/bin/python3|' /builddir/build/BUILDROOT/sqlmap-1.5.12-dev.x86_64/usr/share/sqlmap/sqlmap.py /builddir/build/BUILDROOT/sqlmap-1.5.12-dev.x86_64/usr/share/sqlmap/extra/beep/__init__.py /builddir/build/BUILDROOT/sqlmap-1.5.12-dev.x86_64/usr/share/sqlmap/extra/beep/beep.py /builddir/build/BUILDROOT/sqlmap-1.5.12-dev.x86_64/usr/share/sqlmap/extra/cloak/__init__.py /builddir/build/BUILDROOT/sqlmap-1.5.12-dev.x86_64/usr/share/sqlmap/extra/cloak/cloak.py /builddir/build/BUILDROOT/sqlmap-1.5.12-dev.x86_64/usr/share/sqlmap/extra/dbgtool/__init__.py /builddir/build/BUILDROOT/sqlmap-1.5.12-dev.x86_64/usr/share/sqlmap/extra/dbgtool/dbgtool.py /builddir/build/BUILDROOT/sqlmap-1.5.12-dev.x86_64/usr/share/sqlmap/extra/icmpsh/__init__.py /builddir/build/BUILDROOT/sqlmap-1.5.12-dev.x86_64/usr/share/sqlmap/extra/icmpsh/icmpsh_m.py /builddir/build/BUILDROOT/sqlmap-1.5.12-dev.x86_64/usr/share/sqlmap/extra/shutils/duplicates.py /builddir/build/BUILDROOT/sqlmap-1.5.12-dev.x86_64/usr/share/sqlmap/extra/shutils/newlines.py /builddir/build/BUILDROOT/sqlmap-1.5.12-dev.x86_64/usr/share/sqlmap/extra/vulnserver/__init__.py /builddir/build/BUILDROOT/sqlmap-1.5.12-dev.x86_64/usr/share/sqlmap/extra/vulnserver/vulnserver.py /builddir/build/BUILDROOT/sqlmap-1.5.12-dev.x86_64/usr/share/sqlmap/lib/controller/__init__.py /builddir/build/BUILDROOT/sqlmap-1.5.12-dev.x86_64/usr/share/sqlmap/lib/controller/action.py /builddir/build/BUILDROOT/sqlmap-1.5.12-dev.x86_64/usr/share/sqlmap/lib/controller/checks.py /builddir/build/BUILDROOT/sqlmap-1.5.12-dev.x86_64/usr/share/sqlmap/lib/controller/controller.py /builddir/build/BUILDROOT/sqlmap-1.5.12-dev.x86_64/usr/share/sqlmap/lib/controller/handler.py /builddir/build/BUILDROOT/sqlmap-1.5.12-dev.x86_64/usr/share/sqlmap/lib/core/__init__.py /builddir/build/BUILDROOT/sqlmap-1.5.12-dev.x86_64/usr/share/sqlmap/lib/core/agent.py /builddir/build/BUILDROOT/sqlmap-1.5.12-dev.x86_64/usr/share/sqlmap/lib/core/bigarray.py /builddir/build/BUILDROOT/sqlmap-1.5.12-dev.x86_64/usr/share/sqlmap/lib/core/common.py /builddir/build/BUILDROOT/sqlmap-1.5.12-dev.x86_64/usr/share/sqlmap/lib/core/compat.py /builddir/build/BUILDROOT/sqlmap-1.5.12-dev.x86_64/usr/share/sqlmap/lib/core/convert.py /builddir/build/BUILDROOT/sqlmap-1.5.12-dev.x86_64/usr/share/sqlmap/lib/core/data.py /builddir/build/BUILDROOT/sqlmap-1.5.12-dev.x86_64/usr/share/sqlmap/lib/core/datatype.py /builddir/build/BUILDROOT/sqlmap-1.5.12-dev.x86_64/usr/share/sqlmap/lib/core/decorators.py /builddir/build/BUILDROOT/sqlmap-1.5.12-dev.x86_64/usr/share/sqlmap/lib/core/defaults.py /builddir/build/BUILDROOT/sqlmap-1.5.12-dev.x86_64/usr/share/sqlmap/lib/core/dicts.py /builddir/build/BUILDROOT/sqlmap-1.5.12-dev.x86_64/usr/share/sqlmap/lib/core/dump.py /builddir/build/BUILDROOT/sqlmap-1.5.12-dev.x86_64/usr/share/sqlmap/lib/core/enums.py /builddir/build/BUILDROOT/sqlmap-1.5.12-dev.x86_64/usr/share/sqlmap/lib/core/exception.py /builddir/build/BUILDROOT/sqlmap-1.5.12-dev.x86_64/usr/share/sqlmap/lib/core/gui.py /builddir/build/BUILDROOT/sqlmap-1.5.12-dev.x86_64/usr/share/sqlmap/lib/core/log.py /builddir/build/BUILDROOT/sqlmap-1.5.12-dev.x86_64/usr/share/sqlmap/lib/core/option.py /builddir/build/BUILDROOT/sqlmap-1.5.12-dev.x86_64/usr/share/sqlmap/lib/core/optiondict.py /builddir/build/BUILDROOT/sqlmap-1.5.12-dev.x86_64/usr/share/sqlmap/lib/core/patch.py /builddir/build/BUILDROOT/sqlmap-1.5.12-dev.x86_64/usr/share/sqlmap/lib/core/profiling.py /builddir/build/BUILDROOT/sqlmap-1.5.12-dev.x86_64/usr/share/sqlmap/lib/core/readlineng.py /builddir/build/BUILDROOT/sqlmap-1.5.12-dev.x86_64/usr/share/sqlmap/lib/core/replication.py /builddir/build/BUILDROOT/sqlmap-1.5.12-dev.x86_64/usr/share/sqlmap/lib/core/revision.py /builddir/build/BUILDROOT/sqlmap-1.5.12-dev.x86_64/usr/share/sqlmap/lib/core/session.py /builddir/build/BUILDROOT/sqlmap-1.5.12-dev.x86_64/usr/share/sqlmap/lib/core/settings.py /builddir/build/BUILDROOT/sqlmap-1.5.12-dev.x86_64/usr/share/sqlmap/lib/core/shell.py /builddir/build/BUILDROOT/sqlmap-1.5.12-dev.x86_64/usr/share/sqlmap/lib/core/subprocessng.py /builddir/build/BUILDROOT/sqlmap-1.5.12-dev.x86_64/usr/share/sqlmap/lib/core/target.py /builddir/build/BUILDROOT/sqlmap-1.5.12-dev.x86_64/usr/share/sqlmap/lib/core/testing.py /builddir/build/BUILDROOT/sqlmap-1.5.12-dev.x86_64/usr/share/sqlmap/lib/core/threads.py /builddir/build/BUILDROOT/sqlmap-1.5.12-dev.x86_64/usr/share/sqlmap/lib/core/unescaper.py /builddir/build/BUILDROOT/sqlmap-1.5.12-dev.x86_64/usr/share/sqlmap/lib/core/update.py /builddir/build/BUILDROOT/sqlmap-1.5.12-dev.x86_64/usr/share/sqlmap/lib/core/wordlist.py /builddir/build/BUILDROOT/sqlmap-1.5.12-dev.x86_64/usr/share/sqlmap/lib/parse/__init__.py /builddir/build/BUILDROOT/sqlmap-1.5.12-dev.x86_64/usr/share/sqlmap/lib/parse/banner.py /builddir/build/BUILDROOT/sqlmap-1.5.12-dev.x86_64/usr/share/sqlmap/lib/parse/cmdline.py /builddir/build/BUILDROOT/sqlmap-1.5.12-dev.x86_64/usr/share/sqlmap/lib/parse/configfile.py /builddir/build/BUILDROOT/sqlmap-1.5.12-dev.x86_64/usr/share/sqlmap/lib/parse/handler.py /builddir/build/BUILDROOT/sqlmap-1.5.12-dev.x86_64/usr/share/sqlmap/lib/parse/headers.py /builddir/build/BUILDROOT/sqlmap-1.5.12-dev.x86_64/usr/share/sqlmap/lib/parse/html.py /builddir/build/BUILDROOT/sqlmap-1.5.12-dev.x86_64/usr/share/sqlmap/lib/parse/payloads.py /builddir/build/BUILDROOT/sqlmap-1.5.12-dev.x86_64/usr/share/sqlmap/lib/parse/sitemap.py /builddir/build/BUILDROOT/sqlmap-1.5.12-dev.x86_64/usr/share/sqlmap/lib/request/__init__.py /builddir/build/BUILDROOT/sqlmap-1.5.12-dev.x86_64/usr/share/sqlmap/lib/request/basic.py /builddir/build/BUILDROOT/sqlmap-1.5.12-dev.x86_64/usr/share/sqlmap/lib/request/basicauthhandler.py /builddir/build/BUILDROOT/sqlmap-1.5.12-dev.x86_64/usr/share/sqlmap/lib/request/chunkedhandler.py /builddir/build/BUILDROOT/sqlmap-1.5.12-dev.x86_64/usr/share/sqlmap/lib/request/comparison.py /builddir/build/BUILDROOT/sqlmap-1.5.12-dev.x86_64/usr/share/sqlmap/lib/request/connect.py /builddir/build/BUILDROOT/sqlmap-1.5.12-dev.x86_64/usr/share/sqlmap/lib/request/direct.py /builddir/build/BUILDROOT/sqlmap-1.5.12-dev.x86_64/usr/share/sqlmap/lib/request/dns.py /builddir/build/BUILDROOT/sqlmap-1.5.12-dev.x86_64/usr/share/sqlmap/lib/request/httpshandler.py /builddir/build/BUILDROOT/sqlmap-1.5.12-dev.x86_64/usr/share/sqlmap/lib/request/inject.py /builddir/build/BUILDROOT/sqlmap-1.5.12-dev.x86_64/usr/share/sqlmap/lib/request/methodrequest.py /builddir/build/BUILDROOT/sqlmap-1.5.12-dev.x86_64/usr/share/sqlmap/lib/request/pkihandler.py /builddir/build/BUILDROOT/sqlmap-1.5.12-dev.x86_64/usr/share/sqlmap/lib/request/rangehandler.py /builddir/build/BUILDROOT/sqlmap-1.5.12-dev.x86_64/usr/share/sqlmap/lib/request/redirecthandler.py /builddir/build/BUILDROOT/sqlmap-1.5.12-dev.x86_64/usr/share/sqlmap/lib/request/templates.py /builddir/build/BUILDROOT/sqlmap-1.5.12-dev.x86_64/usr/share/sqlmap/lib/takeover/__init__.py /builddir/build/BUILDROOT/sqlmap-1.5.12-dev.x86_64/usr/share/sqlmap/lib/takeover/abstraction.py /builddir/build/BUILDROOT/sqlmap-1.5.12-dev.x86_64/usr/share/sqlmap/lib/takeover/icmpsh.py /builddir/build/BUILDROOT/sqlmap-1.5.12-dev.x86_64/usr/share/sqlmap/lib/takeover/metasploit.py /builddir/build/BUILDROOT/sqlmap-1.5.12-dev.x86_64/usr/share/sqlmap/lib/takeover/registry.py /builddir/build/BUILDROOT/sqlmap-1.5.12-dev.x86_64/usr/share/sqlmap/lib/takeover/udf.py /builddir/build/BUILDROOT/sqlmap-1.5.12-dev.x86_64/usr/share/sqlmap/lib/takeover/web.py /builddir/build/BUILDROOT/sqlmap-1.5.12-dev.x86_64/usr/share/sqlmap/lib/takeover/xp_cmdshell.py /builddir/build/BUILDROOT/sqlmap-1.5.12-dev.x86_64/usr/share/sqlmap/lib/techniques/__init__.py /builddir/build/BUILDROOT/sqlmap-1.5.12-dev.x86_64/usr/share/sqlmap/lib/utils/__init__.py /builddir/build/BUILDROOT/sqlmap-1.5.12-dev.x86_64/usr/share/sqlmap/lib/utils/api.py /builddir/build/BUILDROOT/sqlmap-1.5.12-dev.x86_64/usr/share/sqlmap/lib/utils/brute.py /builddir/build/BUILDROOT/sqlmap-1.5.12-dev.x86_64/usr/share/sqlmap/lib/utils/crawler.py /builddir/build/BUILDROOT/sqlmap-1.5.12-dev.x86_64/usr/share/sqlmap/lib/utils/deps.py /builddir/build/BUILDROOT/sqlmap-1.5.12-dev.x86_64/usr/share/sqlmap/lib/utils/getch.py /builddir/build/BUILDROOT/sqlmap-1.5.12-dev.x86_64/usr/share/sqlmap/lib/utils/har.py /builddir/build/BUILDROOT/sqlmap-1.5.12-dev.x86_64/usr/share/sqlmap/lib/utils/hash.py /builddir/build/BUILDROOT/sqlmap-1.5.12-dev.x86_64/usr/share/sqlmap/lib/utils/hashdb.py /builddir/build/BUILDROOT/sqlmap-1.5.12-dev.x86_64/usr/share/sqlmap/lib/utils/httpd.py /builddir/build/BUILDROOT/sqlmap-1.5.12-dev.x86_64/usr/share/sqlmap/lib/utils/pivotdumptable.py /builddir/build/BUILDROOT/sqlmap-1.5.12-dev.x86_64/usr/share/sqlmap/lib/utils/progress.py /builddir/build/BUILDROOT/sqlmap-1.5.12-dev.x86_64/usr/share/sqlmap/lib/utils/purge.py /builddir/build/BUILDROOT/sqlmap-1.5.12-dev.x86_64/usr/share/sqlmap/lib/utils/safe2bin.py /builddir/build/BUILDROOT/sqlmap-1.5.12-dev.x86_64/usr/share/sqlmap/lib/utils/search.py /builddir/build/BUILDROOT/sqlmap-1.5.12-dev.x86_64/usr/share/sqlmap/lib/utils/sgmllib.py /builddir/build/BUILDROOT/sqlmap-1.5.12-dev.x86_64/usr/share/sqlmap/lib/utils/sqlalchemy.py /builddir/build/BUILDROOT/sqlmap-1.5.12-dev.x86_64/usr/share/sqlmap/lib/utils/timeout.py /builddir/build/BUILDROOT/sqlmap-1.5.12-dev.x86_64/usr/share/sqlmap/lib/utils/versioncheck.py /builddir/build/BUILDROOT/sqlmap-1.5.12-dev.x86_64/usr/share/sqlmap/lib/utils/xrange.py /builddir/build/BUILDROOT/sqlmap-1.5.12-dev.x86_64/usr/share/sqlmap/plugins/dbms/__init__.py /builddir/build/BUILDROOT/sqlmap-1.5.12-dev.x86_64/usr/share/sqlmap/plugins/generic/__init__.py /builddir/build/BUILDROOT/sqlmap-1.5.12-dev.x86_64/usr/share/sqlmap/plugins/generic/connector.py /builddir/build/BUILDROOT/sqlmap-1.5.12-dev.x86_64/usr/share/sqlmap/plugins/generic/custom.py /builddir/build/BUILDROOT/sqlmap-1.5.12-dev.x86_64/usr/share/sqlmap/plugins/generic/databases.py /builddir/build/BUILDROOT/sqlmap-1.5.12-dev.x86_64/usr/share/sqlmap/plugins/generic/entries.py /builddir/build/BUILDROOT/sqlmap-1.5.12-dev.x86_64/usr/share/sqlmap/plugins/generic/enumeration.py /builddir/build/BUILDROOT/sqlmap-1.5.12-dev.x86_64/usr/share/sqlmap/plugins/generic/filesystem.py /builddir/build/BUILDROOT/sqlmap-1.5.12-dev.x86_64/usr/share/sqlmap/plugins/generic/fingerprint.py /builddir/build/BUILDROOT/sqlmap-1.5.12-dev.x86_64/usr/share/sqlmap/plugins/generic/misc.py /builddir/build/BUILDROOT/sqlmap-1.5.12-dev.x86_64/usr/share/sqlmap/plugins/generic/search.py /builddir/build/BUILDROOT/sqlmap-1.5.12-dev.x86_64/usr/share/sqlmap/plugins/generic/syntax.py /builddir/build/BUILDROOT/sqlmap-1.5.12-dev.x86_64/usr/share/sqlmap/plugins/generic/takeover.py /builddir/build/BUILDROOT/sqlmap-1.5.12-dev.x86_64/usr/share/sqlmap/plugins/generic/users.py /builddir/build/BUILDROOT/sqlmap-1.5.12-dev.x86_64/usr/share/sqlmap/thirdparty/ansistrm/__init__.py /builddir/build/BUILDROOT/sqlmap-1.5.12-dev.x86_64/usr/share/sqlmap/thirdparty/ansistrm/ansistrm.py /builddir/build/BUILDROOT/sqlmap-1.5.12-dev.x86_64/usr/share/sqlmap/thirdparty/beautifulsoup/__init__.py /builddir/build/BUILDROOT/sqlmap-1.5.12-dev.x86_64/usr/share/sqlmap/thirdparty/beautifulsoup/beautifulsoup.py /builddir/build/BUILDROOT/sqlmap-1.5.12-dev.x86_64/usr/share/sqlmap/thirdparty/bottle/__init__.py /builddir/build/BUILDROOT/sqlmap-1.5.12-dev.x86_64/usr/share/sqlmap/thirdparty/bottle/bottle.py /builddir/build/BUILDROOT/sqlmap-1.5.12-dev.x86_64/usr/share/sqlmap/thirdparty/chardet/__init__.py /builddir/build/BUILDROOT/sqlmap-1.5.12-dev.x86_64/usr/share/sqlmap/thirdparty/chardet/big5freq.py /builddir/build/BUILDROOT/sqlmap-1.5.12-dev.x86_64/usr/share/sqlmap/thirdparty/chardet/big5prober.py /builddir/build/BUILDROOT/sqlmap-1.5.12-dev.x86_64/usr/share/sqlmap/thirdparty/chardet/chardetect.py /builddir/build/BUILDROOT/sqlmap-1.5.12-dev.x86_64/usr/share/sqlmap/thirdparty/chardet/chardistribution.py /builddir/build/BUILDROOT/sqlmap-1.5.12-dev.x86_64/usr/share/sqlmap/thirdparty/chardet/charsetgroupprober.py /builddir/build/BUILDROOT/sqlmap-1.5.12-dev.x86_64/usr/share/sqlmap/thirdparty/chardet/charsetprober.py /builddir/build/BUILDROOT/sqlmap-1.5.12-dev.x86_64/usr/share/sqlmap/thirdparty/chardet/codingstatemachine.py /builddir/build/BUILDROOT/sqlmap-1.5.12-dev.x86_64/usr/share/sqlmap/thirdparty/chardet/compat.py /builddir/build/BUILDROOT/sqlmap-1.5.12-dev.x86_64/usr/share/sqlmap/thirdparty/chardet/constants.py /builddir/build/BUILDROOT/sqlmap-1.5.12-dev.x86_64/usr/share/sqlmap/thirdparty/chardet/cp949prober.py /builddir/build/BUILDROOT/sqlmap-1.5.12-dev.x86_64/usr/share/sqlmap/thirdparty/chardet/escprober.py /builddir/build/BUILDROOT/sqlmap-1.5.12-dev.x86_64/usr/share/sqlmap/thirdparty/chardet/escsm.py /builddir/build/BUILDROOT/sqlmap-1.5.12-dev.x86_64/usr/share/sqlmap/thirdparty/chardet/eucjpprober.py /builddir/build/BUILDROOT/sqlmap-1.5.12-dev.x86_64/usr/share/sqlmap/thirdparty/chardet/euckrfreq.py /builddir/build/BUILDROOT/sqlmap-1.5.12-dev.x86_64/usr/share/sqlmap/thirdparty/chardet/euckrprober.py /builddir/build/BUILDROOT/sqlmap-1.5.12-dev.x86_64/usr/share/sqlmap/thirdparty/chardet/euctwfreq.py /builddir/build/BUILDROOT/sqlmap-1.5.12-dev.x86_64/usr/share/sqlmap/thirdparty/chardet/euctwprober.py /builddir/build/BUILDROOT/sqlmap-1.5.12-dev.x86_64/usr/share/sqlmap/thirdparty/chardet/gb2312freq.py /builddir/build/BUILDROOT/sqlmap-1.5.12-dev.x86_64/usr/share/sqlmap/thirdparty/chardet/gb2312prober.py /builddir/build/BUILDROOT/sqlmap-1.5.12-dev.x86_64/usr/share/sqlmap/thirdparty/chardet/hebrewprober.py /builddir/build/BUILDROOT/sqlmap-1.5.12-dev.x86_64/usr/share/sqlmap/thirdparty/chardet/jisfreq.py /builddir/build/BUILDROOT/sqlmap-1.5.12-dev.x86_64/usr/share/sqlmap/thirdparty/chardet/jpcntx.py /builddir/build/BUILDROOT/sqlmap-1.5.12-dev.x86_64/usr/share/sqlmap/thirdparty/chardet/langbulgarianmodel.py /builddir/build/BUILDROOT/sqlmap-1.5.12-dev.x86_64/usr/share/sqlmap/thirdparty/chardet/langcyrillicmodel.py /builddir/build/BUILDROOT/sqlmap-1.5.12-dev.x86_64/usr/share/sqlmap/thirdparty/chardet/langgreekmodel.py /builddir/build/BUILDROOT/sqlmap-1.5.12-dev.x86_64/usr/share/sqlmap/thirdparty/chardet/langhebrewmodel.py /builddir/build/BUILDROOT/sqlmap-1.5.12-dev.x86_64/usr/share/sqlmap/thirdparty/chardet/langhungarianmodel.py /builddir/build/BUILDROOT/sqlmap-1.5.12-dev.x86_64/usr/share/sqlmap/thirdparty/chardet/langthaimodel.py /builddir/build/BUILDROOT/sqlmap-1.5.12-dev.x86_64/usr/share/sqlmap/thirdparty/chardet/latin1prober.py /builddir/build/BUILDROOT/sqlmap-1.5.12-dev.x86_64/usr/share/sqlmap/thirdparty/chardet/mbcharsetprober.py /builddir/build/BUILDROOT/sqlmap-1.5.12-dev.x86_64/usr/share/sqlmap/thirdparty/chardet/mbcsgroupprober.py /builddir/build/BUILDROOT/sqlmap-1.5.12-dev.x86_64/usr/share/sqlmap/thirdparty/chardet/mbcssm.py /builddir/build/BUILDROOT/sqlmap-1.5.12-dev.x86_64/usr/share/sqlmap/thirdparty/chardet/sbcharsetprober.py /builddir/build/BUILDROOT/sqlmap-1.5.12-dev.x86_64/usr/share/sqlmap/thirdparty/chardet/sbcsgroupprober.py /builddir/build/BUILDROOT/sqlmap-1.5.12-dev.x86_64/usr/share/sqlmap/thirdparty/chardet/sjisprober.py /builddir/build/BUILDROOT/sqlmap-1.5.12-dev.x86_64/usr/share/sqlmap/thirdparty/chardet/universaldetector.py /builddir/build/BUILDROOT/sqlmap-1.5.12-dev.x86_64/usr/share/sqlmap/thirdparty/chardet/utf8prober.py /builddir/build/BUILDROOT/sqlmap-1.5.12-dev.x86_64/usr/share/sqlmap/thirdparty/clientform/__init__.py /builddir/build/BUILDROOT/sqlmap-1.5.12-dev.x86_64/usr/share/sqlmap/thirdparty/clientform/clientform.py /builddir/build/BUILDROOT/sqlmap-1.5.12-dev.x86_64/usr/share/sqlmap/thirdparty/colorama/__init__.py /builddir/build/BUILDROOT/sqlmap-1.5.12-dev.x86_64/usr/share/sqlmap/thirdparty/colorama/ansi.py /builddir/build/BUILDROOT/sqlmap-1.5.12-dev.x86_64/usr/share/sqlmap/thirdparty/colorama/ansitowin32.py /builddir/build/BUILDROOT/sqlmap-1.5.12-dev.x86_64/usr/share/sqlmap/thirdparty/colorama/initialise.py /builddir/build/BUILDROOT/sqlmap-1.5.12-dev.x86_64/usr/share/sqlmap/thirdparty/colorama/win32.py /builddir/build/BUILDROOT/sqlmap-1.5.12-dev.x86_64/usr/share/sqlmap/thirdparty/colorama/winterm.py /builddir/build/BUILDROOT/sqlmap-1.5.12-dev.x86_64/usr/share/sqlmap/thirdparty/fcrypt/__init__.py /builddir/build/BUILDROOT/sqlmap-1.5.12-dev.x86_64/usr/share/sqlmap/thirdparty/fcrypt/fcrypt.py /builddir/build/BUILDROOT/sqlmap-1.5.12-dev.x86_64/usr/share/sqlmap/thirdparty/identywaf/__init__.py /builddir/build/BUILDROOT/sqlmap-1.5.12-dev.x86_64/usr/share/sqlmap/thirdparty/identywaf/identYwaf.py /builddir/build/BUILDROOT/sqlmap-1.5.12-dev.x86_64/usr/share/sqlmap/thirdparty/keepalive/__init__.py /builddir/build/BUILDROOT/sqlmap-1.5.12-dev.x86_64/usr/share/sqlmap/thirdparty/keepalive/keepalive.py /builddir/build/BUILDROOT/sqlmap-1.5.12-dev.x86_64/usr/share/sqlmap/thirdparty/magic/__init__.py /builddir/build/BUILDROOT/sqlmap-1.5.12-dev.x86_64/usr/share/sqlmap/thirdparty/magic/magic.py /builddir/build/BUILDROOT/sqlmap-1.5.12-dev.x86_64/usr/share/sqlmap/thirdparty/multipart/__init__.py /builddir/build/BUILDROOT/sqlmap-1.5.12-dev.x86_64/usr/share/sqlmap/thirdparty/multipart/multipartpost.py /builddir/build/BUILDROOT/sqlmap-1.5.12-dev.x86_64/usr/share/sqlmap/thirdparty/odict/__init__.py /builddir/build/BUILDROOT/sqlmap-1.5.12-dev.x86_64/usr/share/sqlmap/thirdparty/odict/ordereddict.py /builddir/build/BUILDROOT/sqlmap-1.5.12-dev.x86_64/usr/share/sqlmap/thirdparty/prettyprint/__init__.py /builddir/build/BUILDROOT/sqlmap-1.5.12-dev.x86_64/usr/share/sqlmap/thirdparty/prettyprint/prettyprint.py /builddir/build/BUILDROOT/sqlmap-1.5.12-dev.x86_64/usr/share/sqlmap/thirdparty/pydes/__init__.py /builddir/build/BUILDROOT/sqlmap-1.5.12-dev.x86_64/usr/share/sqlmap/thirdparty/pydes/pyDes.py /builddir/build/BUILDROOT/sqlmap-1.5.12-dev.x86_64/usr/share/sqlmap/thirdparty/six/__init__.py /builddir/build/BUILDROOT/sqlmap-1.5.12-dev.x86_64/usr/share/sqlmap/thirdparty/socks/__init__.py /builddir/build/BUILDROOT/sqlmap-1.5.12-dev.x86_64/usr/share/sqlmap/thirdparty/socks/socks.py /builddir/build/BUILDROOT/sqlmap-1.5.12-dev.x86_64/usr/share/sqlmap/thirdparty/termcolor/__init__.py /builddir/build/BUILDROOT/sqlmap-1.5.12-dev.x86_64/usr/share/sqlmap/thirdparty/termcolor/termcolor.py /builddir/build/BUILDROOT/sqlmap-1.5.12-dev.x86_64/usr/share/sqlmap/thirdparty/wininetpton/__init__.py /builddir/build/BUILDROOT/sqlmap-1.5.12-dev.x86_64/usr/share/sqlmap/thirdparty/wininetpton/win_inet_pton.py
+ install -d -m 755 /builddir/build/BUILDROOT/sqlmap-1.5.12-dev.x86_64/etc
+ install -m 644 sqlmap.conf /builddir/build/BUILDROOT/sqlmap-1.5.12-dev.x86_64/etc
+ pushd /builddir/build/BUILDROOT/sqlmap-1.5.12-dev.x86_64/usr/share/sqlmap
~/build/BUILDROOT/sqlmap-1.5.12-dev.x86_64/usr/share/sqlmap ~/build/BUILD/sqlmapproject-sqlmap-90b145e
+ ln -s ../../../etc/sqlmap.conf .
+ /usr/lib/rpm/check-buildroot
+ /usr/lib/rpm/redhat/brp-ldconfig
+ /usr/lib/rpm/brp-compress
+ /usr/lib/rpm/brp-strip /usr/bin/strip
+ /usr/lib/rpm/brp-strip-comment-note /usr/bin/strip /usr/bin/objdump
+ /usr/lib/rpm/redhat/brp-strip-lto /usr/bin/strip
+ /usr/lib/rpm/brp-strip-static-archive /usr/bin/strip
+ /usr/lib/rpm/check-rpaths
+ /usr/lib/rpm/redhat/brp-mangle-shebangs
*** WARNING: ./usr/share/sqlmap/extra/shutils/autocompletion.sh is executable but has no shebang, removing executable bit
mangling shebang in /usr/share/sqlmap/extra/shutils/blanks.sh from /bin/bash to #!/usr/bin/bash
mangling shebang in /usr/share/sqlmap/extra/shutils/drei.sh from /bin/bash to #!/usr/bin/bash
mangling shebang in /usr/share/sqlmap/extra/shutils/junk.sh from /bin/bash to #!/usr/bin/bash
mangling shebang in /usr/share/sqlmap/extra/shutils/modernize.sh from /bin/bash to #!/usr/bin/bash
mangling shebang in /usr/share/sqlmap/extra/shutils/postcommit-hook.sh from /bin/bash to #!/usr/bin/bash
mangling shebang in /usr/share/sqlmap/extra/shutils/precommit-hook.sh from /bin/bash to #!/usr/bin/bash
mangling shebang in /usr/share/sqlmap/extra/shutils/pycodestyle.sh from /bin/bash to #!/usr/bin/bash
mangling shebang in /usr/share/sqlmap/extra/shutils/pydiatra.sh from /bin/bash to #!/usr/bin/bash
mangling shebang in /usr/share/sqlmap/extra/shutils/pyflakes.sh from /bin/bash to #!/usr/bin/bash
mangling shebang in /usr/share/sqlmap/extra/shutils/pylint.sh from /bin/bash to #!/usr/bin/bash
mangling shebang in /usr/share/sqlmap/extra/shutils/pypi.sh from /bin/bash to #!/usr/bin/bash
mangling shebang in /usr/share/sqlmap/extra/shutils/recloak.sh from /bin/bash to #!/usr/bin/bash
mangling shebang in /usr/share/sqlmap/extra/shutils/strip.sh from /bin/bash to #!/usr/bin/bash
mangling shebang in /usr/bin/sqlmap from /bin/sh to #!/usr/bin/sh
+ /usr/lib/rpm/redhat/brp-python-bytecompile '' 1 0
+ /usr/lib/rpm/redhat/brp-python-hardlink
Processing files: sqlmap-1.5.12-dev.noarch
Executing(%doc): /bin/sh -e /var/tmp/rpm-tmp.MWxnLt
+ umask 022
+ cd /builddir/build/BUILD
+ cd sqlmapproject-sqlmap-90b145e
+ DOCDIR=/builddir/build/BUILDROOT/sqlmap-1.5.12-dev.x86_64/usr/share/doc/sqlmap
+ export LC_ALL=C
+ LC_ALL=C
+ export DOCDIR
+ /usr/bin/mkdir -p /builddir/build/BUILDROOT/sqlmap-1.5.12-dev.x86_64/usr/share/doc/sqlmap
+ cp -pr doc/AUTHORS doc/CHANGELOG.md doc/THANKS.md doc/THIRD-PARTY.md doc/translations /builddir/build/BUILDROOT/sqlmap-1.5.12-dev.x86_64/usr/share/doc/sqlmap
+ RPM_EC=0
++ jobs -p
+ exit 0
Provides: config(sqlmap) = 1.5.12-dev sqlmap = 1.5.12-dev
Requires(rpmlib): rpmlib(CompressedFileNames) <= 3.0.4-1 rpmlib(FileDigests) <= 4.6.0-1 rpmlib(PayloadFilesHavePrefix) <= 4.0-1
Requires: /usr/bin/bash /usr/bin/python3 /usr/bin/sh
Checking for unpackaged file(s): /usr/lib/rpm/check-files /builddir/build/BUILDROOT/sqlmap-1.5.12-dev.x86_64
Wrote: /builddir/build/RPMS/sqlmap-1.5.12-dev.noarch.rpm
Executing(%clean): /bin/sh -e /var/tmp/rpm-tmp.tGRelW
+ umask 022
+ cd /builddir/build/BUILD
+ cd sqlmapproject-sqlmap-90b145e
+ /usr/bin/rm -rf /builddir/build/BUILDROOT/sqlmap-1.5.12-dev.x86_64
+ RPM_EC=0
++ jobs -p
+ exit 0
Child return code was: 0
Mock Version: 2.15
Mock Version: 2.15
Mock Version: 2.15
Mock Version: 2.15
Mock Version: 2.15
Mock Version: 2.15
Mock Version: 2.15
Mock Version: 2.15
Mock Version: 2.15
Mock Version: 2.15
