gpg-pubkey-38ab71f4-60242b08 1612983048 0 (none) installed
gpg-pubkey-9867c58f-601c49ca 1612466634 0 (none) installed
libgcc-11.2.1-6.fc36.x86_64 1634659195 198596 948bcb6d189fc7ee2bcf08df3e0ded0d installed
crypto-policies-20211115-1.git1b1c04c.fc36.noarch 1637006765 86148 6e879cd73573502fa7d3086c831a6307 installed
fedora-release-identity-basic-36-0.12.noarch 1638288586 717 c3407b37aa3f780e7241eb23fc05972b installed
tzdata-2021e-1.fc36.noarch 1635459032 1800709 d4952ea8c1d7d9352dc042be8b1c4aac installed
rust-srpm-macros-20-1.fc36.noarch 1638222020 2447 7aa48f17c4f7a392f692c31dc40c87c1 installed
qt5-srpm-macros-5.15.2-3.fc35.noarch 1627037606 492 be3fc262a57f16a89528f058f00a9dc3 installed
publicsuffix-list-dafsa-20210518-3.fc36.noarch 1637060519 68815 e81d193580f83ebca70f9cc2b3432eb1 installed
pkgconf-m4-1.8.0-1.fc35.noarch 1627221480 14187 d3b120a3b4d78e4a7e45396f30d9c709 installed
perl-srpm-macros-1-42.fc35.noarch 1627009629 862 31fd62af1588ade5c32d0b0fcefa45d8 installed
pcre2-syntax-10.39-1.fc36.noarch 1636034078 229322 07c65426a24baf43c87a36401347c023 installed
openblas-srpm-macros-2-10.fc35.noarch 1626993369 104 6ef8804b6de37b9a73f2b8502530fc68 installed
ocaml-srpm-macros-6-5.fc35.noarch 1626992091 745 519a978bddefede5d9252679a1726863 installed
nim-srpm-macros-3-5.fc35.noarch 1626987977 1098 50f3b27dca3c2554c3334b6908fa8da4 installed
ncurses-base-6.2-8.20210508.fc35.noarch 1626991807 307293 6fc56839d735263a9cfc0886c8d62377 installed
libssh-config-0.9.6-1.fc36.noarch 1632238630 277 1f87ba3b630a8afeebedabfad4aeee99 installed
kernel-srpm-macros-1.0-13.fc36.noarch 1637263963 1064 0837061621c722826066bac2140a1881 installed
gnat-srpm-macros-4-14.fc35.noarch 1626923297 725 acfa6b9efd8326ee09e42947528d2fad installed
ghc-srpm-macros-1.5.0-5.fc35.noarch 1626920787 535 83b17a3ad07bb6dce09a1113c2fbfc49 installed
fpc-srpm-macros-1.3-4.fc35.noarch 1626912175 144 46535e4ca0d7762b018d90f26785ebe9 installed
fedora-gpg-keys-36-0.3.noarch 1629216661 118311 1d520683e0e7cc4221ade46bec750891 installed
fedora-release-36-0.12.noarch 1638288586 0 36e5ab51a6fe5cadcbd59f4696597f7f installed
fedora-release-common-36-0.12.noarch 1638288586 17668 032b74f6c8df030ed0deb34e97a6c7f5 installed
fedora-repos-rawhide-36-0.3.noarch 1629216661 2203 d83e34aeb6aa0cfd354175876d3b63b1 installed
fedora-repos-36-0.3.noarch 1629216661 4597 8205ec5fae44ad89b015238f2f0b462b installed
setup-2.13.9.1-2.fc35.noarch 1627075056 736053 64f8b1c53f47bf22f25324c6e700cc72 installed
filesystem-3.16-1.fc36.x86_64 1632304495 106 696c3c32224ced91b048af23913ccaef installed
basesystem-11-12.fc35.noarch 1626892315 0 af618e2cf6a1583a176bb5e45b0a5068 installed
glibc-gconv-extra-2.34.9000-21.fc36.x86_64 1637231049 8225724 67c21678b85e73f1f33471319b38636d installed
glibc-minimal-langpack-2.34.9000-21.fc36.x86_64 1637231049 0 b14acc16713d4ca11b267052a84c9b33 installed
glibc-common-2.34.9000-21.fc36.x86_64 1637231049 1097538 ad6b5ea955a3da449e6676a223950289 installed
glibc-2.34.9000-21.fc36.x86_64 1637231049 6280435 f591e7c775f8e97b4f5c03e5fb4a2103 installed
ncurses-libs-6.2-8.20210508.fc35.x86_64 1626985943 996375 2f994f573415c7206570f1717dcf626b installed
bash-5.1.8-3.fc36.x86_64 1636111791 7739722 3c238f6212cb3e61fdf240e713fbee46 installed
zlib-1.2.11-30.fc35.x86_64 1627555046 203449 fc88ceb52649360b8d871331220b0f6c installed
bzip2-libs-1.0.8-10.fc36.x86_64 1635847593 78692 5e06fb139bdb55a6e35d7db6a9fd1f5d installed
xz-libs-5.2.5-7.fc35.x86_64 1627092507 181437 a020e7464332c7f3873c34907eacff50 installed
elfutils-libelf-0.186-1.fc36.x86_64 1636615823 1027521 09120d55ab470440e3e36e8f6855622f installed
libstdc++-11.2.1-6.fc36.x86_64 1634659195 2479101 89257d9a10d316dc32c8e304e071efbe installed
libuuid-2.37.2-1.fc36.x86_64 1629194240 34397 2edb70a01bb7932f8358c5992c0dc474 installed
libzstd-1.5.0-2.fc35.x86_64 1627093306 1028163 c56a81660a167665720337b2d0c97070 installed
gmp-1:6.2.1-1.fc36.x86_64 1635864434 818487 b8672b965eb91df7f27cb3eb8aa854e8 installed
libattr-2.5.1-3.fc35.x86_64 1626891756 29341 a17b4483f4a01b5eb6d01f41842da285 installed
libacl-2.3.1-2.fc35.x86_64 1626889009 41090 7f91f200578996693fbd6ba53b745348 installed
libcap-2.48-3.fc35.x86_64 1626961088 180511 fa377911e225ceb086daf490d0c94ab7 installed
libxcrypt-4.4.26-4.fc36.x86_64 1632260314 275090 950aebba01d9009bb03a60a10a078640 installed
popt-1.18-6.fc36.x86_64 1631658902 130248 1d7d1c136af2df09061406932ba0c8c2 installed
readline-8.1-3.fc35.x86_64 1627041494 492684 aaf61524862c6beeb77380c15d658a93 installed
libcom_err-1.46.4-1.fc36.x86_64 1629807360 68945 a7c2723b8bbf1bf73dbbfd124a54cf3c installed
mpfr-4.1.0-8.fc35.x86_64 1626983884 802431 de62fb0bd1ab4954a5a3e601e4f95b58 installed
dwz-0.14-2.fc35.x86_64 1626907299 280646 8ae97d97b2c29bfe9e0ee73643bedfdd installed
unzip-6.0-54.fc36.x86_64 1636468317 396699 5e001b32824ad85eb107a769c075d47e installed
file-libs-5.41-1.fc36.x86_64 1634677368 8807844 3f6a37d6c5bbd22a9376ce12608906e9 installed
file-5.41-1.fc36.x86_64 1634677368 98373 72b8f28bac0368bc72027dff2bbaa97b installed
openssl1.1-1:1.1.1l-1.fc36.x86_64 1632138772 3876243 29868be49deeb8c77436b599365172d1 installed
sqlite-libs-3.36.0-4.fc36.x86_64 1629274141 1338849 1e9a9fef41195dcb15fa5d655a3d168d installed
alternatives-1.19-1.fc35.x86_64 1627054363 63264 5cd393a56ec2efe3a8dd3f9abe55f043 installed
libcap-ng-0.8.2-7.fc36.x86_64 1632337115 75012 57098680eb7832ece9c9089fe53a280e installed
audit-libs-3.0.6-1.fc36.x86_64 1633107302 307281 f50f5dee1a1c6705169fa17042f6257a installed
libsepol-3.3-2.fc36.x86_64 1636646235 755963 5c6665ac6bd3f74de9210ede0d6ded43 installed
libsmartcols-2.37.2-1.fc36.x86_64 1629194240 135371 87c55bfc59efd942ef74441cc73528b6 installed
libunistring-0.9.10-14.fc35.x86_64 1626970676 1642923 fb4cd52955e96d4fe989ece3153119fa installed
libidn2-2.3.2-3.fc36.x86_64 1630430183 291720 8bec67ffc0040305e3efb64d378cf49a installed
lua-libs-5.4.3-2.fc35.x86_64 1626974759 555606 708062639b1ec59c853e3949ecb655b4 installed
lz4-libs-1.9.3-3.fc35.x86_64 1626976924 145387 35f02696af287b52c0a8ccd356299a79 installed
libpsl-0.21.1-4.fc35.x86_64 1626969221 78520 418fc994aecd296a0e9f3a900a46f7c5 installed
zip-3.0-31.fc35.x86_64 1627093104 712847 8bc0595d10f2bc85179113ad1484aba4 installed
zstd-1.5.0-2.fc35.x86_64 1627093306 1960479 13397e9d0ff36b3adf5abe7703fd0c04 installed
libxml2-2.9.12-6.fc35.x86_64 1626972022 1923894 58e6c4b8f0daf9cb8cf8355e9855a6ce installed
libarchive-3.5.2-2.fc36.x86_64 1630307534 907245 2cf74a4f9a53cf7b134f11d53d18f855 installed
bzip2-1.0.8-10.fc36.x86_64 1635847593 94045 7ba905cef7f33c69731be413a734f4f3 installed
elfutils-default-yama-scope-0.186-1.fc36.noarch 1636615967 1810 ebb92b4755ea9e845496bca5a96cdbaf installed
info-6.8-2.fc35.x86_64 1627082242 503786 d1e469daef55e19b18e1753de365ed7b installed
ed-1.14.2-11.fc35.x86_64 1626907257 129811 094cf9934b01744c0c414314070af36f installed
cpio-2.13-11.fc36.x86_64 1630325808 1083898 cc85cc47d3f25270b54345d0e0ae768a installed
diffutils-3.8-1.fc35.x86_64 1627895573 1563061 b288fa5059e9d347c23ecf7459de1392 installed
gdbm-libs-1:1.22-1.fc36.x86_64 1634724719 128586 372620214f5cb6cdd6fde1753825fb46 installed
keyutils-libs-1.6.1-3.fc35.x86_64 1626955294 55801 535a1f1ca9e121cd9574c95b07820bb7 installed
libbrotli-1.0.9-6.fc35.x86_64 1626893913 784274 d45caad095b8be733739ddc36bbf1a3b installed
libdb-5.3.28-50.fc36.x86_64 1631794375 1922790 9165d206f0ee0ccb1da2c1528586359a installed
libeconf-0.4.0-2.fc35.x86_64 1626962507 46171 1d425d5dc6879bacad175542465b0706 installed
libffi-3.1-28.fc34.x86_64 1611731196 56840 077bc570623183e5b0eb94e8ef14e874 installed
p11-kit-0.23.22-4.fc35.x86_64 1626999243 1659536 2e7cda635f37cded07d6b2c83065ba9a installed
libgomp-11.2.1-6.fc36.x86_64 1634659195 412772 732c7e4d782e9dd4f71784cf913cadb6 installed
libgpg-error-1.43-1.fc36.x86_64 1635950575 851221 7afd824890acf0cdd873ae3f47867ae2 installed
libgcrypt-1.9.4-1.fc36.x86_64 1629720680 1392852 59e2cc2fed649bc002fb75e05e789b1d installed
libnghttp2-1.46.0-1.fc36.x86_64 1634648839 162532 f366923935df459db89aea672fbf3eb8 installed
libpkgconf-1.8.0-1.fc35.x86_64 1627221416 75953 4a3b0d15ab4d7e8482d98d677ad5b928 installed
pkgconf-1.8.0-1.fc35.x86_64 1627221416 81451 f6bab719cb8f1b8c5862882bc45d2b45 installed
pkgconf-pkg-config-1.8.0-1.fc35.x86_64 1627221416 989 a02a23bcacf44a3bdfc74247bc5d893c installed
libsigsegv-2.13-3.fc35.x86_64 1626969727 50250 f9aa2f7104c70b331c044360a70664f4 installed
gawk-5.1.1-1.fc36.x86_64 1635772564 1708362 17f402fe974cae460327fda5caf594d9 installed
libtasn1-4.18.0-1.fc36.x86_64 1636494233 183994 d98b1103a1122a9cce6f1ee5651ebffa installed
p11-kit-trust-0.23.22-4.fc35.x86_64 1626999243 451087 70a611a55f6a52dbf5e6966daff44ae9 installed
libverto-0.3.2-2.fc35.x86_64 1626970819 30277 cbb25f656c2c22c557ee83ad0d80dfb1 installed
pcre-8.45-1.fc36.x86_64 1629279764 539220 6a5448ab58ca42fa50de789ab3a15848 installed
grep-3.7-1.fc36.x86_64 1629144799 949303 418a97f7521220f4733ccdad7c84451f installed
xz-5.2.5-7.fc35.x86_64 1627092507 685425 dd341adc7fbb8844cb9965b1eb893ec4 installed
pcre2-10.39-1.fc36.x86_64 1636034008 633258 e35b8e2e0f275380920669c31926bb0c installed
libselinux-3.3-2.fc36.x86_64 1638184473 173597 960cd3c2d64008dc817329b55bdc0403 installed
sed-4.8-8.fc35.x86_64 1627074776 813479 18a95fcfe58463e71717b520d2412a8a installed
findutils-1:4.8.0-4.fc35.x86_64 1626911297 1758182 f636dbf756669a4ed38bc1dff6c63018 installed
libsemanage-3.3-1.fc36.x86_64 1634905114 303896 8ed4e5384f70b0f9d587277fd6c770b9 installed
shadow-utils-2:4.9-8.fc36.x86_64 1637311705 3837701 9542c7499a81e81379707e22e4c75672 installed
libutempter-1.2.1-5.fc35.x86_64 1626970643 58697 1c069b7288b0240929a10f6ac1cc1514 installed
patch-2.7.6-15.fc35.x86_64 1627000523 265410 1e6cd06c190ae494f76619ff9487c79b installed
tar-2:1.34-2.fc35.x86_64 1627081075 3156278 052b560465e9eebf3c4f7986aa10ee0b installed
xxhash-libs-0.8.0-4.fc35.x86_64 1627092400 105030 300fca06d5c6d5eaa03afd87981cbdd2 installed
coreutils-common-9.0-2.fc36.x86_64 1633350515 11033739 13dc7ddd21a60338fa3b873707724bed installed
openssl-libs-1:3.0.0-1.fc36.x86_64 1631206141 6910251 eecd9be83d355e37db387ec828737d70 installed
coreutils-9.0-2.fc36.x86_64 1633350515 5711386 418571a189b3343b279a0ff40fde28af installed
ca-certificates-2021.2.50-3.fc35.noarch 1626894832 939948 aff01f0137ea9195efe407be332a9c66 installed
krb5-libs-1.19.2-3.fc36.x86_64 1629825434 2198405 86be5f59ddccdf777917f48e6d2f57cf installed
libblkid-2.37.2-1.fc36.x86_64 1629194240 230761 bcf6f579f2b0dd97f8bd07fd7c1ba638 installed
libmount-2.37.2-1.fc36.x86_64 1629194240 311117 0947343ed48d8d733d44ab4c62b40f85 installed
libtirpc-1.3.2-1.rc1.fc36.x86_64 1631022089 208178 913ab7f77980f2baa1545e35fdbaf84b installed
gzip-1.11-1.fc36.x86_64 1634828906 370548 794ed9a20c54f84518e4136dd1e54b06 installed
systemd-libs-249.7-2.fc36.x86_64 1636982037 1730488 625238eb3961baababa6000e76ab8bf2 installed
util-linux-core-2.37.2-1.fc36.x86_64 1629194240 1279584 d296b4db24ad10daca513e302e92ceac installed
cracklib-2.9.6-27.fc36.x86_64 1630357018 251474 942e9fca4ce39033b500229201baeb56 installed
libnsl2-2.0.0-2.fc36.x86_64 1636796994 59486 f7c2751adc73bacf9c25ba5d8588183b installed
libpwquality-1.4.4-6.fc36.x86_64 1628688648 415452 f743797d80fbc29a7c38d3fda554ca5b installed
pam-1.5.2-7.fc36.x86_64 1636754071 1953812 4ec67b43a52ec532b58b64d767878620 installed
libfdisk-2.37.2-1.fc36.x86_64 1629194240 368883 94b88429c34d3017d1a8cc4436e6f32f installed
cyrus-sasl-lib-2.1.27-16.fc36.x86_64 1634043547 2409888 e427e9a94b2dd7fd03de97dae3b456e8 installed
openldap-2.4.59-4.fc36.x86_64 1633097029 718693 f7df4289afa6e71199687f3a9e8ebb08 installed
libssh-0.9.6-1.fc36.x86_64 1632238467 513065 b5b56898289f134595e72319cd4acaaf installed
libcurl-7.80.0-2.fc36.x86_64 1636913620 681118 72520a8fe9906236aebd9c6829e20243 installed
elfutils-libs-0.186-1.fc36.x86_64 1636615823 682557 0cb0142885e795457e3789ac99813394 installed
elfutils-debuginfod-client-0.186-1.fc36.x86_64 1636615823 58168 3391f8b06d3559c30adf2c17340f6da3 installed
binutils-gold-2.37-20.fc36.x86_64 1637324291 1976715 034d610912d314b6f0d9b65c8d924217 installed
binutils-2.37-20.fc36.x86_64 1637324291 34167203 1e2e2d5ec200ff33966ddcad626dc609 installed
elfutils-0.186-1.fc36.x86_64 1636615823 2796217 d454ba619b9e94dd4f31babcf4346714 installed
gdb-minimal-11.1-6.fc36.x86_64 1637346042 12679220 4bab148682309da151fecd79c303e365 installed
debugedit-5.0-2.fc35.x86_64 1627943772 194459 5239705164dbdb4cc743115c72824aaa installed
curl-7.80.0-2.fc36.x86_64 1636913620 719812 04afc3db74223bf7c834c5885bec9591 installed
rpm-4.17.0-1.fc36.1.x86_64 1631644675 2948922 a420c79ff2a9cffb2ef50aad8ddacab4 installed
rpm-libs-4.17.0-1.fc36.1.x86_64 1631644675 775140 25b1fbc8993fe8028856f1bc219d9e3e installed
rpm-build-libs-4.17.0-1.fc36.1.x86_64 1631644675 199518 7056d76c06bed3b527421ac5b8e6a828 installed
efi-srpm-macros-5-4.fc36.noarch 1630608889 41111 9ac42e695d91164878696a83a337da1f installed
lua-srpm-macros-1-5.fc35.noarch 1626974425 1314 1d371eb16120fb40dbf7c0f03c3e8291 installed
rpmautospec-rpm-macros-0.2.5-1.fc35.noarch 1628264740 698 8d7c0d5e1ebd255a29531ed50f7eac01 installed
fonts-srpm-macros-1:2.0.5-6.fc35.noarch 1626911835 56503 e028a54cd411cf0f8ad51dcc2fde13e2 installed
go-srpm-macros-3.0.11-2.fc35.noarch 1626930626 60319 a69641b37d6aeebdd34a6f34ebf4a394 installed
python-srpm-macros-3.10-13.fc36.noarch 1635937773 42068 0cc788d3faa896f6e367b8193d190aa7 installed
redhat-rpm-config-205-1.fc36.noarch 1637263162 181601 0bd45f4e2735a07a04c3b0c799b71641 installed
rpm-build-4.17.0-1.fc36.1.x86_64 1631644675 145180 716dd2c7165dcb7459337bf33d1fc737 installed
util-linux-2.37.2-1.fc36.x86_64 1629194240 11216740 26af3a095042c6a0c6540785313ea546 installed
which-2.21-30.fc36.x86_64 1635264489 82340 be89267cc17b7ab206472f551fe0664a installed
